2021-05-08 22:39:11,011 - INFO    - keyword:科技
2021-05-08 22:39:11,020 - INFO    - keyword:公司
2021-05-08 22:39:11,020 - INFO    - keyword:小米
2021-05-08 22:39:11,021 - INFO    - keyword:股权
2021-05-08 22:39:11,021 - INFO    - keyword:机器人
2021-05-08 22:39:11,022 - INFO    - keyword:战略
2021-05-08 22:39:11,022 - INFO    - keyword:编程
2021-05-08 22:39:11,022 - INFO    - keyword:投资者
2021-05-08 22:39:11,023 - INFO    - keyword:教育
2021-05-08 22:39:11,023 - INFO    - keyword:子公司
2021-05-08 22:39:11,024 - INFO    - keyword:期货
2021-05-08 22:39:11,024 - INFO    - keyword:研究
2021-05-08 22:39:11,025 - INFO    - keyword:建设
2021-05-08 22:39:11,025 - INFO    - keyword:市场
2021-05-08 22:39:11,026 - INFO    - keyword:指导
2021-05-08 22:39:11,026 - INFO    - keyword:广州
2021-05-08 22:39:11,026 - INFO    - keyword:工作
2021-05-08 22:39:11,030 - INFO    - keyword:期货市场
2021-05-08 22:39:11,030 - INFO    - keyword:建设
2021-05-08 22:39:11,031 - INFO    - keyword:绿色
2021-05-08 22:39:11,031 - INFO    - keyword:新闻
2021-05-08 22:39:11,031 - INFO    - keyword:发布会
2021-05-08 22:39:11,032 - INFO    - keyword:主题
2021-05-08 22:39:11,032 - INFO    - keyword:合作
2021-05-08 22:39:11,032 - INFO    - keyword:空间
2021-05-08 22:39:11,039 - INFO    - keyword:华岗
2021-05-08 22:39:11,040 - INFO    - keyword:所有制
2021-05-08 22:39:11,040 - INFO    - keyword:改革
2021-05-08 22:39:11,041 - INFO    - keyword:中央
2021-05-08 22:39:11,041 - INFO    - keyword:上市
2021-05-08 22:39:11,041 - INFO    - keyword:混合
2021-05-08 22:39:11,042 - INFO    - keyword:企业
2021-05-08 22:39:11,042 - INFO    - keyword:主渠道
2021-05-08 22:39:11,042 - INFO    - keyword:资本
2021-05-08 22:39:11,045 - INFO    - keyword:期货
2021-05-08 22:39:11,046 - INFO    - keyword:研究
2021-05-08 22:39:11,046 - INFO    - keyword:指导
2021-05-08 22:39:11,047 - INFO    - keyword:广州
2021-05-08 22:39:11,047 - INFO    - keyword:工作
2021-05-08 22:39:11,048 - INFO    - keyword:建设
2021-05-08 22:39:11,048 - INFO    - keyword:市场
2021-05-08 22:39:11,065 - INFO    - keyword:城市
2021-05-08 22:39:11,065 - INFO    - keyword:榜单
2021-05-08 22:39:11,066 - INFO    - keyword:面积
2021-05-08 22:39:11,066 - INFO    - keyword:收金
2021-05-08 22:39:11,067 - INFO    - keyword:土地
2021-05-08 22:39:11,068 - INFO    - keyword:上市
2021-05-08 22:39:11,069 - INFO    - keyword:总额
2021-05-08 22:39:11,070 - INFO    - keyword:恒大
2021-05-08 22:39:11,070 - INFO    - keyword:金榜
2021-05-08 22:39:11,073 - INFO    - keyword:现金
2021-05-08 22:39:11,074 - INFO    - keyword:投资者
2021-05-08 22:39:11,075 - INFO    - keyword:股份
2021-05-08 22:39:11,075 - INFO    - keyword:方式
2021-05-08 22:39:11,076 - INFO    - keyword:红利
2021-05-08 22:39:11,076 - INFO    - keyword:理念
2021-05-08 22:39:11,077 - INFO    - keyword:新闻
2021-05-08 22:39:11,077 - INFO    - keyword:制度
2021-05-08 22:39:11,078 - INFO    - keyword:市场
2021-05-08 22:39:11,093 - INFO    - keyword:供地
2021-05-08 22:39:11,094 - INFO    - keyword:点状
2021-05-08 22:39:11,095 - INFO    - keyword:生态
2021-05-08 22:39:11,095 - INFO    - keyword:补偿
2021-05-08 22:39:11,095 - INFO    - keyword:用地
2021-05-08 22:39:11,096 - INFO    - keyword:条例
2021-05-08 22:39:11,097 - INFO    - keyword:北京市
2021-05-08 22:39:11,097 - INFO    - keyword:方式
2021-05-08 22:39:11,097 - INFO    - keyword:集约
2021-05-08 22:39:11,098 - INFO    - keyword:北京
2021-05-08 22:39:11,110 - INFO    - keyword:东京
2021-05-08 22:39:11,111 - INFO    - keyword:日本
2021-05-08 22:39:11,112 - INFO    - keyword:疫情
2021-05-08 22:39:11,112 - INFO    - keyword:桥本
2021-05-08 22:39:11,113 - INFO    - keyword:传言
2021-05-08 22:39:11,114 - INFO    - keyword:圣子
2021-05-08 22:39:11,114 - INFO    - keyword:主席
2021-05-08 22:39:11,115 - INFO    - keyword:谣言
2021-05-08 22:39:11,115 - INFO    - keyword:病例
2021-05-08 22:39:11,115 - INFO    - keyword:病毒传播
2021-05-08 22:39:11,148 - INFO    - keyword:国瓷
2021-05-08 22:39:11,149 - INFO    - keyword:材料
2021-05-08 22:39:11,149 - INFO    - keyword:大佬
2021-05-08 22:39:11,150 - INFO    - keyword:氧化锆
2021-05-08 22:39:11,150 - INFO    - keyword:混战
2021-05-08 22:39:11,151 - INFO    - keyword:混合
2021-05-08 22:39:11,152 - INFO    - keyword:防水材料
2021-05-08 22:39:11,153 - INFO    - keyword:季报
2021-05-08 22:39:11,154 - INFO    - keyword:公司
2021-05-08 22:39:11,156 - INFO    - keyword:流通股东
2021-05-08 22:39:11,165 - INFO    - keyword:男足
2021-05-08 22:39:11,166 - INFO    - keyword:女足
2021-05-08 22:39:11,166 - INFO    - keyword:欢颜
2021-05-08 22:39:11,166 - INFO    - keyword:发展
2021-05-08 22:39:11,166 - INFO    - keyword:出线
2021-05-08 22:39:11,167 - INFO    - keyword:足坛
2021-05-08 22:39:11,167 - INFO    - keyword:方向性
2021-05-08 22:39:11,169 - INFO    - keyword:球员
2021-05-08 22:39:11,169 - INFO    - keyword:趋向
2021-05-08 22:39:11,169 - INFO    - keyword:发文
2021-05-08 22:39:11,176 - INFO    - keyword:措施
2021-05-08 22:39:11,177 - INFO    - keyword:监管
2021-05-08 22:39:11,177 - INFO    - keyword:自律
2021-05-08 22:39:11,177 - INFO    - keyword:行政
2021-05-08 22:39:11,178 - INFO    - keyword:投行
2021-05-08 22:39:11,178 - INFO    - keyword:信息
2021-05-08 22:39:11,178 - INFO    - keyword:派出机构
2021-05-08 22:39:11,179 - INFO    - keyword:惩戒
2021-05-08 22:39:11,180 - INFO    - keyword:检察院
2021-05-08 22:39:11,181 - INFO    - keyword:食品
2021-05-08 22:39:11,181 - INFO    - keyword:销售
2021-05-08 22:39:11,181 - INFO    - keyword:上海
2021-05-08 22:39:11,182 - INFO    - keyword:批准逮捕
2021-05-08 22:39:11,182 - INFO    - keyword:新闻记者
2021-05-08 22:39:11,183 - INFO    - keyword:检察机关
2021-05-08 22:39:11,201 - INFO    - keyword:事业部
2021-05-08 22:39:11,202 - INFO    - keyword:供应商
2021-05-08 22:39:11,202 - INFO    - keyword:人员
2021-05-08 22:39:11,203 - INFO    - keyword:员工
2021-05-08 22:39:11,203 - INFO    - keyword:案例
2021-05-08 22:39:11,204 - INFO    - keyword:违规
2021-05-08 22:39:11,205 - INFO    - keyword:监察处
2021-05-08 22:39:11,205 - INFO    - keyword:原作者
2021-05-08 22:39:11,206 - INFO    - keyword:赌场
2021-05-08 22:39:11,206 - INFO    - keyword:典型
2021-05-08 22:39:11,215 - INFO    - keyword:日方
2021-05-08 22:39:11,215 - INFO    - keyword:心虚
2021-05-08 22:39:11,218 - INFO    - keyword:污染
2021-05-08 22:39:11,219 - INFO    - keyword:废水
2021-05-08 22:39:11,221 - INFO    - keyword:国际
2021-05-08 22:39:11,222 - INFO    - keyword:日本
2021-05-08 22:39:11,222 - INFO    - keyword:储存罐
2021-05-08 22:39:11,222 - INFO    - keyword:净化水
2021-05-08 22:39:11,223 - INFO    - keyword:核事故
2021-05-08 22:39:11,223 - INFO    - keyword:发邮件
2021-05-08 22:39:11,227 - INFO    - keyword:创板
2021-05-08 22:39:11,228 - INFO    - keyword:金融
2021-05-08 22:39:11,228 - INFO    - keyword:业务
2021-05-08 22:39:11,229 - INFO    - keyword:上市
2021-05-08 22:39:11,229 - INFO    - keyword:部副
2021-05-08 22:39:11,229 - INFO    - keyword:企业
2021-05-08 22:39:11,230 - INFO    - keyword:投资
2021-05-08 22:39:11,230 - INFO    - keyword:新华
2021-05-08 22:39:11,232 - INFO    - keyword:监管
2021-05-08 22:39:11,252 - INFO    - keyword:美国
2021-05-08 22:39:11,253 - INFO    - keyword:巴黎
2021-05-08 22:39:11,253 - INFO    - keyword:贡献
2021-05-08 22:39:11,254 - INFO    - keyword:气候变化
2021-05-08 22:39:11,255 - INFO    - keyword:王者
2021-05-08 22:39:11,256 - INFO    - keyword:目标
2021-05-08 22:39:11,256 - INFO    - keyword:全球
2021-05-08 22:39:11,257 - INFO    - keyword:温室
2021-05-08 22:39:11,258 - INFO    - keyword:气候
2021-05-08 22:39:11,265 - INFO    - keyword:科创
2021-05-08 22:39:11,266 - INFO    - keyword:板姓
2021-05-08 22:39:11,267 - INFO    - keyword:创板
2021-05-08 22:39:11,267 - INFO    - keyword:定位
2021-05-08 22:39:11,268 - INFO    - keyword:领域
2021-05-08 22:39:11,269 - INFO    - keyword:压实
2021-05-08 22:39:11,269 - INFO    - keyword:发行部
2021-05-08 22:39:11,269 - INFO    - keyword:行业
2021-05-08 22:39:11,269 - INFO    - keyword:研判
2021-05-08 22:39:11,274 - INFO    - keyword:问鼎
2021-05-08 22:39:11,275 - INFO    - keyword:动力电池
2021-05-08 22:39:11,275 - INFO    - keyword:宁波
2021-05-08 22:39:11,275 - INFO    - keyword:子公司
2021-05-08 22:39:11,276 - INFO    - keyword:全资
2021-05-08 22:39:11,276 - INFO    - keyword:出资
2021-05-08 22:39:11,277 - INFO    - keyword:宜宾
2021-05-08 22:39:11,277 - INFO    - keyword:电池
2021-05-08 22:39:11,278 - INFO    - keyword:新能源
2021-05-08 22:39:11,281 - INFO    - keyword:研报
2021-05-08 22:39:11,297 - INFO    - keyword:被告人
2021-05-08 22:39:11,297 - INFO    - keyword:电信
2021-05-08 22:39:11,299 - INFO    - keyword:诈骗
2021-05-08 22:39:11,299 - INFO    - keyword:被害人
2021-05-08 22:39:11,299 - INFO    - keyword:网络
2021-05-08 22:39:11,299 - INFO    - keyword:诈骗案
2021-05-08 22:39:11,300 - INFO    - keyword:依法
2021-05-08 22:39:11,301 - INFO    - keyword:犯罪集团
2021-05-08 22:39:11,301 - INFO    - keyword:海淀区
2021-05-08 22:39:11,301 - INFO    - keyword:宣判
2021-05-08 22:39:11,304 - INFO    - keyword:期货
2021-05-08 22:39:11,305 - INFO    - keyword:研究
2021-05-08 22:39:11,305 - INFO    - keyword:指导
2021-05-08 22:39:11,306 - INFO    - keyword:建设
2021-05-08 22:39:11,306 - INFO    - keyword:期货市场
2021-05-08 22:39:11,307 - INFO    - keyword:资讯
2021-05-08 22:39:11,307 - INFO    - keyword:广州
2021-05-08 22:39:11,307 - INFO    - keyword:新闻
2021-05-08 22:39:11,308 - INFO    - keyword:财经
2021-05-08 22:39:11,328 - INFO    - keyword:创板
2021-05-08 22:39:11,328 - INFO    - keyword:监管
2021-05-08 22:39:11,329 - INFO    - keyword:科创
2021-05-08 22:39:11,329 - INFO    - keyword:链条
2021-05-08 22:39:11,330 - INFO    - keyword:案件
2021-05-08 22:39:11,330 - INFO    - keyword:稽查局
2021-05-08 22:39:11,331 - INFO    - keyword:发布会
2021-05-08 22:39:11,331 - INFO    - keyword:财务
2021-05-08 22:39:11,332 - INFO    - keyword:副局长
2021-05-08 22:39:11,332 - INFO    - keyword:板姓
2021-05-08 22:39:11,337 - INFO    - keyword:议员
2021-05-08 22:39:11,337 - INFO    - keyword:听证会
2021-05-08 22:39:11,338 - INFO    - keyword:地向
2021-05-08 22:39:11,338 - INFO    - keyword:俄亥俄州
2021-05-08 22:39:11,339 - INFO    - keyword:众议员
2021-05-08 22:39:11,339 - INFO    - keyword:顶级
2021-05-08 22:39:11,339 - INFO    - keyword:传染病
2021-05-08 22:39:11,342 - INFO    - keyword:美国
2021-05-08 22:39:11,342 - INFO    - keyword:博士
2021-05-08 22:39:11,374 - INFO    - keyword:锤子
2021-05-08 22:39:11,375 - INFO    - keyword:网红
2021-05-08 22:39:11,375 - INFO    - keyword:研报
2021-05-08 22:39:11,376 - INFO    - keyword:科技
2021-05-08 22:39:11,376 - INFO    - keyword:原作者
2021-05-08 22:39:11,376 - INFO    - keyword:硬核
2021-05-08 22:39:11,376 - INFO    - keyword:流氓
2021-05-08 22:39:11,377 - INFO    - keyword:鼻祖
2021-05-08 22:39:11,377 - INFO    - keyword:投资
2021-05-08 22:39:11,378 - INFO    - keyword:机构
2021-05-08 22:39:11,393 - INFO    - keyword:空姐
2021-05-08 22:39:11,393 - INFO    - keyword:网友
2021-05-08 22:39:11,393 - INFO    - keyword:鸡腿
2021-05-08 22:39:11,394 - INFO    - keyword:热议
2021-05-08 22:39:11,394 - INFO    - keyword:博主
2021-05-08 22:39:11,394 - INFO    - keyword:空位
2021-05-08 22:39:11,395 - INFO    - keyword:机舱
2021-05-08 22:39:11,395 - INFO    - keyword:高歌
2021-05-08 22:39:11,396 - INFO    - keyword:纸条
2021-05-08 22:39:11,401 - INFO    - keyword:监管
2021-05-08 22:39:11,402 - INFO    - keyword:链条
2021-05-08 22:39:11,402 - INFO    - keyword:稽查局
2021-05-08 22:39:11,404 - INFO    - keyword:压实
2021-05-08 22:39:11,405 - INFO    - keyword:股票价格
2021-05-08 22:39:11,407 - INFO    - keyword:底线
2021-05-08 22:39:11,407 - INFO    - keyword:副局长
2021-05-08 22:39:11,409 - INFO    - keyword:内幕
2021-05-08 22:39:11,418 - INFO    - keyword:充电器
2021-05-08 22:39:11,419 - INFO    - keyword:手机
2021-05-08 22:39:11,419 - INFO    - keyword:网友
2021-05-08 22:39:11,420 - INFO    - keyword:降价
2021-05-08 22:39:11,420 - INFO    - keyword:标配
2021-05-08 22:39:11,420 - INFO    - keyword:版本
2021-05-08 22:39:11,421 - INFO    - keyword:小米
2021-05-08 22:39:11,421 - INFO    - keyword:用户
2021-05-08 22:39:11,421 - INFO    - keyword:数据线
2021-05-08 22:39:11,425 - INFO    - keyword:重拳
2021-05-08 22:39:11,426 - INFO    - keyword:欺诈
2021-05-08 22:39:11,426 - INFO    - keyword:恶性
2021-05-08 22:39:11,426 - INFO    - keyword:财务
2021-05-08 22:39:11,426 - INFO    - keyword:违法
2021-05-08 22:39:11,427 - INFO    - keyword:稽查局
2021-05-08 22:39:11,427 - INFO    - keyword:惩戒
2021-05-08 22:39:11,428 - INFO    - keyword:民事
2021-05-08 22:39:11,428 - INFO    - keyword:副局长
2021-05-08 22:39:11,439 - INFO    - keyword:棉花
2021-05-08 22:39:11,439 - INFO    - keyword:调研
2021-05-08 22:39:11,440 - INFO    - keyword:资讯
2021-05-08 22:39:11,440 - INFO    - keyword:播种面积
2021-05-08 22:39:11,440 - INFO    - keyword:喀什地区
2021-05-08 22:39:11,441 - INFO    - keyword:全疆
2021-05-08 22:39:11,441 - INFO    - keyword:新疆地区
2021-05-08 22:39:11,442 - INFO    - keyword:南疆
2021-05-08 22:39:11,442 - INFO    - keyword:农膜
2021-05-08 22:39:11,442 - INFO    - keyword:降幅
2021-05-08 22:39:11,445 - INFO    - keyword:京东
2021-05-08 22:39:11,446 - INFO    - keyword:物流
2021-05-08 22:39:11,446 - INFO    - keyword:营收
2021-05-08 22:39:11,447 - INFO    - keyword:消息
2021-05-08 22:39:11,447 - INFO    - keyword:计划
2021-05-08 22:39:11,447 - INFO    - keyword:上市
2021-05-08 22:39:11,448 - INFO    - keyword:详细情况
2021-05-08 22:39:11,448 - INFO    - keyword:约合
2021-05-08 22:39:11,448 - INFO    - keyword:子公司
2021-05-08 22:39:11,456 - INFO    - keyword:巴黎
2021-05-08 22:39:11,456 - INFO    - keyword:美国
2021-05-08 22:39:11,457 - INFO    - keyword:摆正位置
2021-05-08 22:39:11,457 - INFO    - keyword:全世界
2021-05-08 22:39:11,458 - INFO    - keyword:道路
2021-05-08 22:39:11,458 - INFO    - keyword:官员
2021-05-08 22:39:11,458 - INFO    - keyword:路障
2021-05-08 22:39:11,459 - INFO    - keyword:目标
2021-05-08 22:39:11,460 - INFO    - keyword:全球
2021-05-08 22:39:11,464 - INFO    - keyword:案件
2021-05-08 22:39:11,464 - INFO    - keyword:链条
2021-05-08 22:39:11,466 - INFO    - keyword:违规
2021-05-08 22:39:11,467 - INFO    - keyword:财务
2021-05-08 22:39:11,471 - INFO    - keyword:稽查局
2021-05-08 22:39:11,472 - INFO    - keyword:资金占用
2021-05-08 22:39:11,472 - INFO    - keyword:跨度
2021-05-08 22:39:11,472 - INFO    - keyword:共生
2021-05-08 22:39:11,473 - INFO    - keyword:副局长
2021-05-08 22:39:11,491 - INFO    - keyword:日方
2021-05-08 22:39:11,491 - INFO    - keyword:废水
2021-05-08 22:39:11,492 - INFO    - keyword:选项
2021-05-08 22:39:11,493 - INFO    - keyword:排海
2021-05-08 22:39:11,493 - INFO    - keyword:日本
2021-05-08 22:39:11,494 - INFO    - keyword:人权
2021-05-08 22:39:11,494 - INFO    - keyword:国际
2021-05-08 22:39:11,495 - INFO    - keyword:福岛
2021-05-08 22:39:11,495 - INFO    - keyword:污染
2021-05-08 22:39:11,496 - INFO    - keyword:全人类
2021-05-08 22:39:11,499 - INFO    - keyword:案件
2021-05-08 22:39:11,499 - INFO    - keyword:办理
2021-05-08 22:39:11,499 - INFO    - keyword:财务
2021-05-08 22:39:11,500 - INFO    - keyword:稽查局
2021-05-08 22:39:11,500 - INFO    - keyword:副局长
2021-05-08 22:39:11,501 - INFO    - keyword:发布会
2021-05-08 22:39:11,501 - INFO    - keyword:依法
2021-05-08 22:39:11,501 - INFO    - keyword:新闻
2021-05-08 22:39:11,502 - INFO    - keyword:信息
2021-05-08 22:39:11,509 - INFO    - keyword:金融业务
2021-05-08 22:39:11,509 - INFO    - keyword:牌照
2021-05-08 22:39:11,509 - INFO    - keyword:网络
2021-05-08 22:39:11,512 - INFO    - keyword:保险业务
2021-05-08 22:39:11,512 - INFO    - keyword:旗号
2021-05-08 22:39:11,515 - INFO    - keyword:性质
2021-05-08 22:39:11,515 - INFO    - keyword:金融
2021-05-08 22:39:11,520 - INFO    - keyword:创板
2021-05-08 22:39:11,520 - INFO    - keyword:板块
2021-05-08 22:39:11,521 - INFO    - keyword:部副
2021-05-08 22:39:11,522 - INFO    - keyword:新华
2021-05-08 22:39:11,522 - INFO    - keyword:监管
2021-05-08 22:39:11,522 - INFO    - keyword:财经
2021-05-08 22:39:11,534 - INFO    - keyword:码头
2021-05-08 22:39:11,535 - INFO    - keyword:湘潭市
2021-05-08 22:39:11,535 - INFO    - keyword:污水
2021-05-08 22:39:11,536 - INFO    - keyword:污染
2021-05-08 22:39:11,536 - INFO    - keyword:港口
2021-05-08 22:39:11,537 - INFO    - keyword:督察组
2021-05-08 22:39:11,537 - INFO    - keyword:湘江
2021-05-08 22:39:11,537 - INFO    - keyword:湘潭
2021-05-08 22:39:11,538 - INFO    - keyword:港区
2021-05-08 22:39:11,547 - INFO    - keyword:科创
2021-05-08 22:39:11,547 - INFO    - keyword:评价
2021-05-08 22:39:11,548 - INFO    - keyword:属性
2021-05-08 22:39:11,548 - INFO    - keyword:指标
2021-05-08 22:39:11,548 - INFO    - keyword:板科
2021-05-08 22:39:11,549 - INFO    - keyword:专家库
2021-05-08 22:39:11,549 - INFO    - keyword:制度
2021-05-08 22:39:11,549 - INFO    - keyword:发行部
2021-05-08 22:39:11,550 - INFO    - keyword:中介机构
2021-05-08 22:39:11,562 - INFO    - keyword:研报
2021-05-08 22:39:11,563 - INFO    - keyword:硬核
2021-05-08 22:39:11,564 - INFO    - keyword:亏损
2021-05-08 22:39:11,564 - INFO    - keyword:预计
2021-05-08 22:39:11,564 - INFO    - keyword:星链
2021-05-08 22:39:11,565 - INFO    - keyword:A股
2021-05-08 22:39:11,565 - INFO    - keyword:日讯
2021-05-08 22:39:11,565 - INFO    - keyword:颗卫星
2021-05-08 22:39:11,566 - INFO    - keyword:业绩
2021-05-08 22:39:11,567 - INFO    - keyword:五粮液
2021-05-08 22:39:11,568 - INFO    - keyword:华友
2021-05-08 22:39:11,568 - INFO    - keyword:资金
2021-05-08 22:39:11,569 - INFO    - keyword:财富
2021-05-08 22:39:11,570 - INFO    - keyword:消息
2021-05-08 22:39:11,578 - INFO    - keyword:东京
2021-05-08 22:39:11,579 - INFO    - keyword:日本
2021-05-08 22:39:11,579 - INFO    - keyword:疫情
2021-05-08 22:39:11,580 - INFO    - keyword:桥本
2021-05-08 22:39:11,580 - INFO    - keyword:传言
2021-05-08 22:39:11,580 - INFO    - keyword:圣子
2021-05-08 22:39:11,581 - INFO    - keyword:谣言
2021-05-08 22:39:11,581 - INFO    - keyword:病例
2021-05-08 22:39:11,581 - INFO    - keyword:病毒传播
2021-05-08 22:39:11,582 - INFO    - keyword:干事长
2021-05-08 22:39:11,584 - INFO    - keyword:足球彩票
2021-05-08 22:39:11,584 - INFO    - keyword:赔率
2021-05-08 22:39:11,585 - INFO    - keyword:中国
2021-05-08 22:39:11,591 - INFO    - keyword:正商
2021-05-08 22:39:11,592 - INFO    - keyword:周口市
2021-05-08 22:39:11,592 - INFO    - keyword:地块
2021-05-08 22:39:11,592 - INFO    - keyword:淮阳
2021-05-08 22:39:11,593 - INFO    - keyword:实业
2021-05-08 22:39:11,594 - INFO    - keyword:河南省
2021-05-08 22:39:11,594 - INFO    - keyword:淮宁
2021-05-08 22:39:11,594 - INFO    - keyword:郑东
2021-05-08 22:39:11,594 - INFO    - keyword:容积率
2021-05-08 22:39:11,602 - INFO    - keyword:线束
2021-05-08 22:39:11,602 - INFO    - keyword:空气囊
2021-05-08 22:39:11,602 - INFO    - keyword:丰田
2021-05-08 22:39:11,605 - INFO    - keyword:汽车
2021-05-08 22:39:11,606 - INFO    - keyword:车辆
2021-05-08 22:39:11,609 - INFO    - keyword:车门
2021-05-08 22:39:11,609 - INFO    - keyword:驾驶席
2021-05-08 22:39:11,609 - INFO    - keyword:管理条例
2021-05-08 22:39:11,610 - INFO    - keyword:传感器
2021-05-08 22:39:11,610 - INFO    - keyword:警告
2021-05-08 22:39:11,616 - INFO    - keyword:气囊
2021-05-08 22:39:11,617 - INFO    - keyword:弱化
2021-05-08 22:39:11,617 - INFO    - keyword:监督管理
2021-05-08 22:39:11,620 - INFO    - keyword:总局
2021-05-08 22:39:11,620 - INFO    - keyword:车辆
2021-05-08 22:39:11,621 - INFO    - keyword:盖板
2021-05-08 22:39:11,621 - INFO    - keyword:仪表板
2021-05-08 22:39:11,622 - INFO    - keyword:管理条例
2021-05-08 22:39:11,622 - INFO    - keyword:奥迪
2021-05-08 22:39:11,623 - INFO    - keyword:有限公司
2021-05-08 22:39:11,644 - INFO    - keyword:广州市
2021-05-08 22:39:11,645 - INFO    - keyword:检查
2021-05-08 22:39:11,645 - INFO    - keyword:行政处罚
2021-05-08 22:39:11,646 - INFO    - keyword:中介机构
2021-05-08 22:39:11,647 - INFO    - keyword:部门
2021-05-08 22:39:11,647 - INFO    - keyword:住房
2021-05-08 22:39:11,647 - INFO    - keyword:购房
2021-05-08 22:39:11,648 - INFO    - keyword:销售
2021-05-08 22:39:11,648 - INFO    - keyword:建局
2021-05-08 22:39:11,649 - INFO    - keyword:经营
2021-05-08 22:39:11,658 - INFO    - keyword:汽车贸易
2021-05-08 22:39:11,658 - INFO    - keyword:管路
2021-05-08 22:39:11,659 - INFO    - keyword:监督管理
2021-05-08 22:39:11,659 - INFO    - keyword:总局
2021-05-08 22:39:11,660 - INFO    - keyword:汽车
2021-05-08 22:39:11,660 - INFO    - keyword:有限公司
2021-05-08 22:39:11,660 - INFO    - keyword:踏板
2021-05-08 22:39:11,660 - INFO    - keyword:管理条例
2021-05-08 22:39:11,661 - INFO    - keyword:磨损
2021-05-08 22:39:11,661 - INFO    - keyword:中国
2021-05-08 22:39:11,711 - INFO    - keyword:有限公司
2021-05-08 22:39:11,711 - INFO    - keyword:被申请人
2021-05-08 22:39:11,713 - INFO    - keyword:生物科技
2021-05-08 22:39:11,715 - INFO    - keyword:海南
2021-05-08 22:39:11,716 - INFO    - keyword:鸿源
2021-05-08 22:39:11,716 - INFO    - keyword:国泰民安
2021-05-08 22:39:11,717 - INFO    - keyword:江苏
2021-05-08 22:39:11,717 - INFO    - keyword:管理局
2021-05-08 22:39:11,717 - INFO    - keyword:电子商务
2021-05-08 22:39:11,718 - INFO    - keyword:美凤
2021-05-08 22:39:11,748 - INFO    - keyword:人员
2021-05-08 22:39:11,749 - INFO    - keyword:调整
2021-05-08 22:39:11,749 - INFO    - keyword:人力资源
2021-05-08 22:39:11,750 - INFO    - keyword:水平
2021-05-08 22:39:11,751 - INFO    - keyword:定额
2021-05-08 22:39:11,751 - INFO    - keyword:地区
2021-05-08 22:39:11,752 - INFO    - keyword:日讯
2021-05-08 22:39:11,752 - INFO    - keyword:标准
2021-05-08 22:39:11,759 - INFO    - keyword:电业
2021-05-08 22:39:11,759 - INFO    - keyword:污水处理
2021-05-08 22:39:11,760 - INFO    - keyword:供水
2021-05-08 22:39:11,760 - INFO    - keyword:主营业务
2021-05-08 22:39:11,761 - INFO    - keyword:研报
2021-05-08 22:39:11,761 - INFO    - keyword:挖掘潜力
2021-05-08 22:39:11,762 - INFO    - keyword:日讯
2021-05-08 22:39:11,762 - INFO    - keyword:业务
2021-05-08 22:39:11,763 - INFO    - keyword:建筑工程
2021-05-08 22:39:11,764 - INFO    - keyword:赔率
2021-05-08 22:39:11,764 - INFO    - keyword:欧洲
2021-05-08 22:39:11,765 - INFO    - keyword:机构
2021-05-08 22:39:11,776 - INFO    - keyword:京津冀
2021-05-08 22:39:11,777 - INFO    - keyword:药品
2021-05-08 22:39:11,780 - INFO    - keyword:群众
2021-05-08 22:39:11,780 - INFO    - keyword:降价
2021-05-08 22:39:11,781 - INFO    - keyword:用药
2021-05-08 22:39:11,781 - INFO    - keyword:医药
2021-05-08 22:39:11,782 - INFO    - keyword:价宜
2021-05-08 22:39:11,782 - INFO    - keyword:改革
2021-05-08 22:39:11,783 - INFO    - keyword:保障局
2021-05-08 22:39:11,798 - INFO    - keyword:顺丰
2021-05-08 22:39:11,799 - INFO    - keyword:房托
2021-05-08 22:39:11,799 - INFO    - keyword:研报
2021-05-08 22:39:11,800 - INFO    - keyword:上市
2021-05-08 22:39:11,800 - INFO    - keyword:法律法规
2021-05-08 22:39:11,801 - INFO    - keyword:名单
2021-05-08 22:39:11,801 - INFO    - keyword:义务
2021-05-08 22:39:11,801 - INFO    - keyword:硬核
2021-05-08 22:39:11,802 - INFO    - keyword:程子
2021-05-08 22:39:11,802 - INFO    - keyword:A股
2021-05-08 22:39:11,818 - INFO    - keyword:中国
2021-05-08 22:39:11,819 - INFO    - keyword:日本
2021-05-08 22:39:11,819 - INFO    - keyword:利益
2021-05-08 22:39:11,820 - INFO    - keyword:美国
2021-05-08 22:39:11,822 - INFO    - keyword:和平
2021-05-08 22:39:11,822 - INFO    - keyword:领导人
2021-05-08 22:39:11,823 - INFO    - keyword:图源
2021-05-08 22:39:11,823 - INFO    - keyword:涉港
2021-05-08 22:39:11,823 - INFO    - keyword:将视情
2021-05-08 22:39:11,826 - INFO    - keyword:东京
2021-05-08 22:39:11,826 - INFO    - keyword:桥本
2021-05-08 22:39:11,827 - INFO    - keyword:圣子
2021-05-08 22:39:11,827 - INFO    - keyword:主席
2021-05-08 22:39:11,828 - INFO    - keyword:猜测
2021-05-08 22:39:11,829 - INFO    - keyword:时间
2021-05-08 22:39:11,853 - INFO    - keyword:小麦
2021-05-08 22:39:11,854 - INFO    - keyword:球员
2021-05-08 22:39:11,855 - INFO    - keyword:比赛
2021-05-08 22:39:11,856 - INFO    - keyword:旅程
2021-05-08 22:39:11,856 - INFO    - keyword:巡回赛
2021-05-08 22:39:11,857 - INFO    - keyword:练习场
2021-05-08 22:39:11,858 - INFO    - keyword:职业生涯
2021-05-08 22:39:11,858 - INFO    - keyword:教练
2021-05-08 22:39:11,859 - INFO    - keyword:姿势
2021-05-08 22:39:11,860 - INFO    - keyword:领先
2021-05-08 22:39:11,906 - INFO    - keyword:顺丰
2021-05-08 22:39:11,907 - INFO    - keyword:房托
2021-05-08 22:39:11,908 - INFO    - keyword:公司
2021-05-08 22:39:11,908 - INFO    - keyword:物业
2021-05-08 22:39:11,909 - INFO    - keyword:租户
2021-05-08 22:39:11,909 - INFO    - keyword:香港
2021-05-08 22:39:11,910 - INFO    - keyword:上市
2021-05-08 22:39:11,911 - INFO    - keyword:物流
2021-05-08 22:39:11,911 - INFO    - keyword:溢利
2021-05-08 22:39:11,912 - INFO    - keyword:子公司
2021-05-08 22:39:11,934 - INFO    - keyword:融创
2021-05-08 22:39:11,935 - INFO    - keyword:彰泰
2021-05-08 22:39:11,935 - INFO    - keyword:服务
2021-05-08 22:39:11,936 - INFO    - keyword:公司
2021-05-08 22:39:11,936 - INFO    - keyword:协议
2021-05-08 22:39:11,937 - INFO    - keyword:合资
2021-05-08 22:39:11,937 - INFO    - keyword:合作
2021-05-08 22:39:11,938 - INFO    - keyword:股权
2021-05-08 22:39:11,938 - INFO    - keyword:框架
2021-05-08 22:39:11,939 - INFO    - keyword:集团
2021-05-08 22:39:11,950 - INFO    - keyword:绿色
2021-05-08 22:39:11,951 - INFO    - keyword:金融
2021-05-08 22:39:11,951 - INFO    - keyword:行长
2021-05-08 22:39:11,952 - INFO    - keyword:标准
2021-05-08 22:39:11,952 - INFO    - keyword:金融机构
2021-05-08 22:39:11,953 - INFO    - keyword:风险
2021-05-08 22:39:11,953 - INFO    - keyword:力度
2021-05-08 22:39:11,954 - INFO    - keyword:政策
2021-05-08 22:39:11,954 - INFO    - keyword:体系
2021-05-08 22:39:11,955 - INFO    - keyword:债券
2021-05-08 22:39:11,959 - INFO    - keyword:华融
2021-05-08 22:39:11,960 - INFO    - keyword:年报
2021-05-08 22:39:11,960 - INFO    - keyword:公司
2021-05-08 22:39:11,961 - INFO    - keyword:依法
2021-05-08 22:39:11,964 - INFO    - keyword:H股
2021-05-08 22:39:11,965 - INFO    - keyword:审计师
2021-05-08 22:39:11,965 - INFO    - keyword:审计工作
2021-05-08 22:39:11,965 - INFO    - keyword:信息
2021-05-08 22:39:11,966 - INFO    - keyword:交易
2021-05-08 22:39:12,020 - INFO    - keyword:资产
2021-05-08 22:39:12,021 - INFO    - keyword:横琴
2021-05-08 22:39:12,021 - INFO    - keyword:大资管
2021-05-08 22:39:12,023 - INFO    - keyword:交易
2021-05-08 22:39:12,024 - INFO    - keyword:服务
2021-05-08 22:39:12,026 - INFO    - keyword:运营
2021-05-08 22:39:12,027 - INFO    - keyword:业绩
2021-05-08 22:39:12,027 - INFO    - keyword:股东
2021-05-08 22:39:12,027 - INFO    - keyword:业务
2021-05-08 22:39:12,028 - INFO    - keyword:信托
2021-05-08 22:39:12,032 - INFO    - keyword:年轻人
2021-05-08 22:39:12,032 - INFO    - keyword:失业率
2021-05-08 22:39:12,033 - INFO    - keyword:调查
2021-05-08 22:39:12,033 - INFO    - keyword:压力
2021-05-08 22:39:12,034 - INFO    - keyword:月份
2021-05-08 22:39:12,034 - INFO    - keyword:总量
2021-05-08 22:39:12,034 - INFO    - keyword:爱华
2021-05-08 22:39:12,035 - INFO    - keyword:摩擦性
2021-05-08 22:39:12,035 - INFO    - keyword:大省
2021-05-08 22:39:12,035 - INFO    - keyword:新闻
2021-05-08 22:39:12,047 - INFO    - keyword:研报
2021-05-08 22:39:12,047 - INFO    - keyword:硬核
2021-05-08 22:39:12,047 - INFO    - keyword:情形
2021-05-08 22:39:12,048 - INFO    - keyword:计提
2021-05-08 22:39:12,048 - INFO    - keyword:业绩
2021-05-08 22:39:12,049 - INFO    - keyword:星链
2021-05-08 22:39:12,049 - INFO    - keyword:A股
2021-05-08 22:39:12,049 - INFO    - keyword:颗卫星
2021-05-08 22:39:12,050 - INFO    - keyword:电车
2021-05-08 22:39:12,067 - INFO    - keyword:爱华
2021-05-08 22:39:12,067 - INFO    - keyword:价格
2021-05-08 22:39:12,068 - INFO    - keyword:物价
2021-05-08 22:39:12,068 - INFO    - keyword:房价
2021-05-08 22:39:12,069 - INFO    - keyword:工业
2021-05-08 22:39:12,069 - INFO    - keyword:经济
2021-05-08 22:39:12,070 - INFO    - keyword:总体
2021-05-08 22:39:12,071 - INFO    - keyword:全国
2021-05-08 22:39:12,071 - INFO    - keyword:服务业
2021-05-08 22:39:12,071 - INFO    - keyword:消费品
2021-05-08 22:39:12,078 - INFO    - keyword:手机
2021-05-08 22:39:12,078 - INFO    - keyword:内存
2021-05-08 22:39:12,079 - INFO    - keyword:消保
2021-05-08 22:39:12,079 - INFO    - keyword:厂商
2021-05-08 22:39:12,080 - INFO    - keyword:消费者
2021-05-08 22:39:12,080 - INFO    - keyword:存储空间
2021-05-08 22:39:12,080 - INFO    - keyword:内置
2021-05-08 22:39:12,081 - INFO    - keyword:附带
2021-05-08 22:39:12,081 - INFO    - keyword:视频
2021-05-08 22:39:12,090 - INFO    - keyword:疫苗
2021-05-08 22:39:12,090 - INFO    - keyword:医管局
2021-05-08 22:39:12,091 - INFO    - keyword:事件
2021-05-08 22:39:12,091 - INFO    - keyword:新冠
2021-05-08 22:39:12,091 - INFO    - keyword:复必泰
2021-05-08 22:39:12,092 - INFO    - keyword:香港
2021-05-08 22:39:12,092 - INFO    - keyword:病例
2021-05-08 22:39:12,093 - INFO    - keyword:临床
2021-05-08 22:39:12,093 - INFO    - keyword:评估
2021-05-08 22:39:12,094 - INFO    - keyword:男子
2021-05-08 22:39:12,116 - INFO    - keyword:苹果
2021-05-08 22:39:12,116 - INFO    - keyword:眼镜
2021-05-08 22:39:12,117 - INFO    - keyword:设备
2021-05-08 22:39:12,118 - INFO    - keyword:苹果公司
2021-05-08 22:39:12,118 - INFO    - keyword:用户
2021-05-08 22:39:12,118 - INFO    - keyword:技术
2021-05-08 22:39:12,119 - INFO    - keyword:社交
2021-05-08 22:39:12,119 - INFO    - keyword:使用者
2021-05-08 22:39:12,120 - INFO    - keyword:侧重于
2021-05-08 22:39:12,120 - INFO    - keyword:冲刺
2021-05-08 22:39:12,153 - INFO    - keyword:议题
2021-05-08 22:39:12,154 - INFO    - keyword:英国
2021-05-08 22:39:12,155 - INFO    - keyword:美英
2021-05-08 22:39:12,155 - INFO    - keyword:外长
2021-05-08 22:39:12,155 - INFO    - keyword:德国
2021-05-08 22:39:12,156 - INFO    - keyword:俄罗斯
2021-05-08 22:39:12,156 - INFO    - keyword:印太
2021-05-08 22:39:12,156 - INFO    - keyword:拉帮结派
2021-05-08 22:39:12,157 - INFO    - keyword:会议
2021-05-08 22:39:12,158 - INFO    - keyword:国家
2021-05-08 22:39:12,162 - INFO    - keyword:营收
2021-05-08 22:39:12,163 - INFO    - keyword:去年同期
2021-05-08 22:39:12,166 - INFO    - keyword:股盘
2021-05-08 22:39:12,166 - INFO    - keyword:净亏损
2021-05-08 22:39:12,167 - INFO    - keyword:预期
2021-05-08 22:39:12,167 - INFO    - keyword:公司
2021-05-08 22:39:12,168 - INFO    - keyword:净利润
2021-05-08 22:39:12,168 - INFO    - keyword:股价
2021-05-08 22:39:12,168 - INFO    - keyword:北京
2021-05-08 22:39:12,174 - INFO    - keyword:县委书记
2021-05-08 22:39:12,175 - INFO    - keyword:黑龙江
2021-05-08 22:39:12,175 - INFO    - keyword:对象
2021-05-08 22:39:12,175 - INFO    - keyword:组织部
2021-05-08 22:39:12,175 - INFO    - keyword:现任
2021-05-08 22:39:12,176 - INFO    - keyword:全国
2021-05-08 22:39:12,176 - INFO    - keyword:黑龙江日报
2021-05-08 22:39:12,177 - INFO    - keyword:姓氏笔画
2021-05-08 22:39:12,178 - INFO    - keyword:南岗区
2021-05-08 22:39:12,178 - INFO    - keyword:桦川
2021-05-08 22:39:12,181 - INFO    - keyword:卡车
2021-05-08 22:39:12,181 - INFO    - keyword:销售
2021-05-08 22:39:12,182 - INFO    - keyword:协议
2021-05-08 22:39:12,203 - INFO    - keyword:试点
2021-05-08 22:39:12,204 - INFO    - keyword:监管局
2021-05-08 22:39:12,204 - INFO    - keyword:暂行办法
2021-05-08 22:39:12,204 - INFO    - keyword:合伙人
2021-05-08 22:39:12,205 - INFO    - keyword:投资
2021-05-08 22:39:12,205 - INFO    - keyword:金融
2021-05-08 22:39:12,205 - INFO    - keyword:基金
2021-05-08 22:39:12,206 - INFO    - keyword:合格
2021-05-08 22:39:12,206 - INFO    - keyword:北京市
2021-05-08 22:39:12,206 - INFO    - keyword:管理部
2021-05-08 22:39:12,215 - INFO    - keyword:英国
2021-05-08 22:39:12,215 - INFO    - keyword:疫情
2021-05-08 22:39:12,216 - INFO    - keyword:经济
2021-05-08 22:39:12,216 - INFO    - keyword:速度
2021-05-08 22:39:12,216 - INFO    - keyword:措施
2021-05-08 22:39:12,217 - INFO    - keyword:目标
2021-05-08 22:39:12,217 - INFO    - keyword:水平
2021-05-08 22:39:12,218 - INFO    - keyword:疫苗
2021-05-08 22:39:12,218 - INFO    - keyword:单周购债
2021-05-08 22:39:12,218 - INFO    - keyword:新冠
2021-05-08 22:39:12,226 - INFO    - keyword:股票
2021-05-08 22:39:12,226 - INFO    - keyword:价值
2021-05-08 22:39:12,227 - INFO    - keyword:婚姻
2021-05-08 22:39:12,228 - INFO    - keyword:美国微软公司
2021-05-08 22:39:12,228 - INFO    - keyword:汽车
2021-05-08 22:39:12,229 - INFO    - keyword:养育
2021-05-08 22:39:12,229 - INFO    - keyword:福布斯
2021-05-08 22:39:12,229 - INFO    - keyword:伴侣
2021-05-08 22:39:12,230 - INFO    - keyword:信念
2021-05-08 22:39:12,242 - INFO    - keyword:疫苗
2021-05-08 22:39:12,244 - INFO    - keyword:航班
2021-05-08 22:39:12,244 - INFO    - keyword:坐飞机
2021-05-08 22:39:12,245 - INFO    - keyword:高铁
2021-05-08 22:39:12,245 - INFO    - keyword:客服
2021-05-08 22:39:12,245 - INFO    - keyword:新冠
2021-05-08 22:39:12,246 - INFO    - keyword:国际航班
2021-05-08 22:39:12,246 - INFO    - keyword:官方
2021-05-08 22:39:12,247 - INFO    - keyword:大使馆
2021-05-08 22:39:12,247 - INFO    - keyword:防疫
2021-05-08 22:39:12,252 - INFO    - keyword:目标价
2021-05-08 22:39:12,253 - INFO    - keyword:大通
2021-05-08 22:39:12,253 - INFO    - keyword:摩根
2021-05-08 22:39:12,254 - INFO    - keyword:艺盘
2021-05-08 22:39:12,260 - INFO    - keyword:录取率
2021-05-08 22:39:12,260 - INFO    - keyword:普通高中
2021-05-08 22:39:12,261 - INFO    - keyword:规模
2021-05-08 22:39:12,261 - INFO    - keyword:中等职业
2021-05-08 22:39:12,262 - INFO    - keyword:北京
2021-05-08 22:39:12,262 - INFO    - keyword:本市
2021-05-08 22:39:12,262 - INFO    - keyword:教育
2021-05-08 22:39:12,263 - INFO    - keyword:考试
2021-05-08 22:39:12,270 - INFO    - keyword:入境
2021-05-08 22:39:12,271 - INFO    - keyword:旅客
2021-05-08 22:39:12,271 - INFO    - keyword:印度
2021-05-08 22:39:12,271 - INFO    - keyword:管控
2021-05-08 22:39:12,273 - INFO    - keyword:核酸
2021-05-08 22:39:12,273 - INFO    - keyword:阴性
2021-05-08 22:39:12,274 - INFO    - keyword:住宿
2021-05-08 22:39:12,274 - INFO    - keyword:措施
2021-05-08 22:39:12,274 - INFO    - keyword:疫情
2021-05-08 22:39:12,274 - INFO    - keyword:日本
2021-05-08 22:39:12,277 - INFO    - keyword:跨区
2021-05-08 22:39:12,277 - INFO    - keyword:计划
2021-05-08 22:39:12,278 - INFO    - keyword:办学
2021-05-08 22:39:12,278 - INFO    - keyword:学校
2021-05-08 22:39:12,279 - INFO    - keyword:重点
2021-05-08 22:39:12,279 - INFO    - keyword:优质
2021-05-08 22:39:12,280 - INFO    - keyword:输出区
2021-05-08 22:39:12,280 - INFO    - keyword:所在区
2021-05-08 22:39:12,280 - INFO    - keyword:职业高中
2021-05-08 22:39:12,280 - INFO    - keyword:普通高中
2021-05-08 22:39:12,301 - INFO    - keyword:法国
2021-05-08 22:39:12,301 - INFO    - keyword:海域
2021-05-08 22:39:12,302 - INFO    - keyword:泽西岛
2021-05-08 22:39:12,303 - INFO    - keyword:英国
2021-05-08 22:39:12,303 - INFO    - keyword:渔业
2021-05-08 22:39:12,304 - INFO    - keyword:渔船
2021-05-08 22:39:12,304 - INFO    - keyword:纠纷
2021-05-08 22:39:12,305 - INFO    - keyword:法方
2021-05-08 22:39:12,305 - INFO    - keyword:舰艇
2021-05-08 22:39:12,305 - INFO    - keyword:渔民
2021-05-08 22:39:12,333 - INFO    - keyword:滇池
2021-05-08 22:39:12,333 - INFO    - keyword:督察组
2021-05-08 22:39:12,336 - INFO    - keyword:保护区
2021-05-08 22:39:12,337 - INFO    - keyword:项目
2021-05-08 22:39:12,338 - INFO    - keyword:建设
2021-05-08 22:39:12,339 - INFO    - keyword:湖争
2021-05-08 22:39:12,339 - INFO    - keyword:度假区
2021-05-08 22:39:12,339 - INFO    - keyword:面湖
2021-05-08 22:39:12,340 - INFO    - keyword:生态
2021-05-08 22:39:12,340 - INFO    - keyword:中央
2021-05-08 22:39:12,348 - INFO    - keyword:扬沙
2021-05-08 22:39:12,348 - INFO    - keyword:浮尘
2021-05-08 22:39:12,349 - INFO    - keyword:京津冀
2021-05-08 22:39:12,349 - INFO    - keyword:预警
2021-05-08 22:39:12,350 - INFO    - keyword:蓝色
2021-05-08 22:39:12,350 - INFO    - keyword:省区市
2021-05-08 22:39:12,351 - INFO    - keyword:内蒙古
2021-05-08 22:39:12,351 - INFO    - keyword:网站
2021-05-08 22:39:12,352 - INFO    - keyword:驾驶人员
2021-05-08 22:39:12,352 - INFO    - keyword:围板
2021-05-08 22:39:12,357 - INFO    - keyword:疫苗
2021-05-08 22:39:12,358 - INFO    - keyword:总理
2021-05-08 22:39:12,358 - INFO    - keyword:新冠
2021-05-08 22:39:12,358 - INFO    - keyword:总台
2021-05-08 22:39:12,359 - INFO    - keyword:国药
2021-05-08 22:39:12,359 - INFO    - keyword:中国
2021-05-08 22:39:12,360 - INFO    - keyword:集团
2021-05-08 22:39:12,360 - INFO    - keyword:记者
2021-05-08 22:39:12,363 - INFO    - keyword:英国
2021-05-08 22:39:12,363 - INFO    - keyword:疫情
2021-05-08 22:39:12,364 - INFO    - keyword:生产总值
2021-05-08 22:39:12,364 - INFO    - keyword:首席
2021-05-08 22:39:12,365 - INFO    - keyword:经济学家
2021-05-08 22:39:12,365 - INFO    - keyword:目标
2021-05-08 22:39:12,365 - INFO    - keyword:资产
2021-05-08 22:39:12,366 - INFO    - keyword:计划
2021-05-08 22:39:12,366 - INFO    - keyword:预计
2021-05-08 22:39:12,377 - INFO    - keyword:电气
2021-05-08 22:39:12,378 - INFO    - keyword:中车
2021-05-08 22:39:12,379 - INFO    - keyword:创板
2021-05-08 22:39:12,379 - INFO    - keyword:高铁
2021-05-08 22:39:12,381 - INFO    - keyword:名单
2021-05-08 22:39:12,384 - INFO    - keyword:日科
2021-05-08 22:39:12,385 - INFO    - keyword:研报
2021-05-08 22:39:12,385 - INFO    - keyword:大单
2021-05-08 22:39:12,386 - INFO    - keyword:星链
2021-05-08 22:39:12,387 - INFO    - keyword:飞色
2021-05-08 22:39:12,398 - INFO    - keyword:客运量
2021-05-08 22:39:12,398 - INFO    - keyword:广州
2021-05-08 22:39:12,399 - INFO    - keyword:地铁
2021-05-08 22:39:12,399 - INFO    - keyword:客流
2021-05-08 22:39:12,399 - INFO    - keyword:运客
2021-05-08 22:39:12,400 - INFO    - keyword:地铁线
2021-05-08 22:39:12,400 - INFO    - keyword:羊城晚报
2021-05-08 22:39:12,401 - INFO    - keyword:人次
2021-05-08 22:39:12,401 - INFO    - keyword:单日
2021-05-08 22:39:12,402 - INFO    - keyword:新开通
2021-05-08 22:39:12,407 - INFO    - keyword:埃马
2021-05-08 22:39:12,407 - INFO    - keyword:挪用公款
2021-05-08 22:39:12,408 - INFO    - keyword:因涉嫌
2021-05-08 22:39:12,408 - INFO    - keyword:财政
2021-05-08 22:39:12,409 - INFO    - keyword:大臣
2021-05-08 22:39:12,409 - INFO    - keyword:环球网
2021-05-08 22:39:12,409 - INFO    - keyword:公共部门
2021-05-08 22:39:12,411 - INFO    - keyword:消息
2021-05-08 22:39:12,411 - INFO    - keyword:讯问
2021-05-08 22:39:12,416 - INFO    - keyword:英国
2021-05-08 22:39:12,416 - INFO    - keyword:前值
2021-05-08 22:39:12,416 - INFO    - keyword:预计
2021-05-08 22:39:12,417 - INFO    - keyword:预期
2021-05-08 22:39:12,417 - INFO    - keyword:利率
2021-05-08 22:39:12,418 - INFO    - keyword:决议
2021-05-08 22:39:12,418 - INFO    - keyword:步伐
2021-05-08 22:39:12,419 - INFO    - keyword:债券
2021-05-08 22:39:12,419 - INFO    - keyword:现报
2021-05-08 22:39:12,425 - INFO    - keyword:号线
2021-05-08 22:39:12,425 - INFO    - keyword:地铁
2021-05-08 22:39:12,425 - INFO    - keyword:京港
2021-05-08 22:39:12,426 - INFO    - keyword:西桥
2021-05-08 22:39:12,427 - INFO    - keyword:安河桥
2021-05-08 22:39:12,428 - INFO    - keyword:北站
2021-05-08 22:39:12,431 - INFO    - keyword:运营
2021-05-08 22:39:12,432 - INFO    - keyword:末班车
2021-05-08 22:39:12,432 - INFO    - keyword:公益
2021-05-08 22:39:12,432 - INFO    - keyword:双向
2021-05-08 22:39:12,438 - INFO    - keyword:财年
2021-05-08 22:39:12,439 - INFO    - keyword:营收
2021-05-08 22:39:12,440 - INFO    - keyword:新冠
2021-05-08 22:39:12,440 - INFO    - keyword:疫苗
2021-05-08 22:39:12,440 - INFO    - keyword:盈利
2021-05-08 22:39:12,440 - INFO    - keyword:去年同期
2021-05-08 22:39:12,441 - INFO    - keyword:财报
2021-05-08 22:39:12,441 - INFO    - keyword:预期
2021-05-08 22:39:12,442 - INFO    - keyword:销售额
2021-05-08 22:39:12,443 - INFO    - keyword:市场
2021-05-08 22:39:12,453 - INFO    - keyword:南方电网
2021-05-08 22:39:12,453 - INFO    - keyword:巡视组
2021-05-08 22:39:12,454 - INFO    - keyword:电网
2021-05-08 22:39:12,454 - INFO    - keyword:副组长
2021-05-08 22:39:12,455 - INFO    - keyword:公司
2021-05-08 22:39:12,455 - INFO    - keyword:广东
2021-05-08 22:39:12,455 - INFO    - keyword:党委委员
2021-05-08 22:39:12,455 - INFO    - keyword:党组
2021-05-08 22:39:12,456 - INFO    - keyword:监察
2021-05-08 22:39:12,456 - INFO    - keyword:审查
2021-05-08 22:39:12,459 - INFO    - keyword:财年
2021-05-08 22:39:12,459 - INFO    - keyword:营收
2021-05-08 22:39:12,460 - INFO    - keyword:去年同期
2021-05-08 22:39:12,460 - INFO    - keyword:财报
2021-05-08 22:39:12,461 - INFO    - keyword:盈利
2021-05-08 22:39:12,462 - INFO    - keyword:英国
2021-05-08 22:39:12,463 - INFO    - keyword:基准利率
2021-05-08 22:39:12,463 - INFO    - keyword:预期
2021-05-08 22:39:12,463 - INFO    - keyword:市场
2021-05-08 22:39:12,464 - INFO    - keyword:利率
2021-05-08 22:39:12,464 - INFO    - keyword:资产
2021-05-08 22:39:12,464 - INFO    - keyword:规模
2021-05-08 22:39:12,467 - INFO    - keyword:北京海关
2021-05-08 22:39:12,467 - INFO    - keyword:邮件
2021-05-08 22:39:12,468 - INFO    - keyword:鱼苗
2021-05-08 22:39:12,468 - INFO    - keyword:活体
2021-05-08 22:39:12,468 - INFO    - keyword:海关
2021-05-08 22:39:12,469 - INFO    - keyword:关员
2021-05-08 22:39:12,469 - INFO    - keyword:渠道
2021-05-08 22:39:12,469 - INFO    - keyword:现场
2021-05-08 22:39:12,470 - INFO    - keyword:邮局
2021-05-08 22:39:12,470 - INFO    - keyword:入境
2021-05-08 22:39:12,490 - INFO    - keyword:德国
2021-05-08 22:39:12,491 - INFO    - keyword:指数
2021-05-08 22:39:12,491 - INFO    - keyword:疫苗
2021-05-08 22:39:12,492 - INFO    - keyword:新冠
2021-05-08 22:39:12,492 - INFO    - keyword:高点
2021-05-08 22:39:12,493 - INFO    - keyword:疫情
2021-05-08 22:39:12,493 - INFO    - keyword:英国
2021-05-08 22:39:12,494 - INFO    - keyword:订单
2021-05-08 22:39:12,494 - INFO    - keyword:股价
2021-05-08 22:39:12,494 - INFO    - keyword:欧洲
2021-05-08 22:39:12,502 - INFO    - keyword:议员
2021-05-08 22:39:12,503 - INFO    - keyword:国家
2021-05-08 22:39:12,503 - INFO    - keyword:中国
2021-05-08 22:39:12,504 - INFO    - keyword:制裁
2021-05-08 22:39:12,505 - INFO    - keyword:视频
2021-05-08 22:39:12,505 - INFO    - keyword:置顶
2021-05-08 22:39:12,505 - INFO    - keyword:网语
2021-05-08 22:39:12,506 - INFO    - keyword:文称
2021-05-08 22:39:12,506 - INFO    - keyword:减贫
2021-05-08 22:39:12,510 - INFO    - keyword:制药
2021-05-08 22:39:12,510 - INFO    - keyword:财年
2021-05-08 22:39:12,510 - INFO    - keyword:营收
2021-05-08 22:39:12,511 - INFO    - keyword:公司
2021-05-08 22:39:12,511 - INFO    - keyword:去年同期
2021-05-08 22:39:12,511 - INFO    - keyword:财报
2021-05-08 22:39:12,512 - INFO    - keyword:盈利
2021-05-08 22:39:12,512 - INFO    - keyword:预期
2021-05-08 22:39:12,512 - INFO    - keyword:市场
2021-05-08 22:39:12,513 - INFO    - keyword:预计
2021-05-08 22:39:12,517 - INFO    - keyword:新冠
2021-05-08 22:39:12,518 - INFO    - keyword:世卫
2021-05-08 22:39:12,518 - INFO    - keyword:病例
2021-05-08 22:39:12,519 - INFO    - keyword:肺炎
2021-05-08 22:39:12,519 - INFO    - keyword:全球
2021-05-08 22:39:12,520 - INFO    - keyword:夏令时间
2021-05-08 22:39:12,521 - INFO    - keyword:总台
2021-05-08 22:39:12,524 - INFO    - keyword:统计数据
2021-05-08 22:39:12,556 - INFO    - keyword:新台币
2021-05-08 22:39:12,556 - INFO    - keyword:保证金
2021-05-08 22:39:12,557 - INFO    - keyword:主席
2021-05-08 22:39:12,557 - INFO    - keyword:参选人
2021-05-08 22:39:12,558 - INFO    - keyword:本票
2021-05-08 22:39:12,558 - INFO    - keyword:作业
2021-05-08 22:39:12,559 - INFO    - keyword:领表
2021-05-08 22:39:12,560 - INFO    - keyword:张亚
2021-05-08 22:39:12,560 - INFO    - keyword:登记费
2021-05-08 22:39:12,564 - INFO    - keyword:制裁
2021-05-08 22:39:12,564 - INFO    - keyword:俄方
2021-05-08 22:39:12,564 - INFO    - keyword:外长
2021-05-08 22:39:12,565 - INFO    - keyword:俄罗斯
2021-05-08 22:39:12,565 - INFO    - keyword:国家
2021-05-08 22:39:12,565 - INFO    - keyword:客户端
2021-05-08 22:39:12,567 - INFO    - keyword:总台
2021-05-08 22:39:12,568 - INFO    - keyword:亚美尼亚
2021-05-08 22:39:12,570 - INFO    - keyword:成员国
2021-05-08 22:39:12,578 - INFO    - keyword:游客
2021-05-08 22:39:12,578 - INFO    - keyword:旅游
2021-05-08 22:39:12,578 - INFO    - keyword:云南旅游
2021-05-08 22:39:12,579 - INFO    - keyword:西双版纳
2021-05-08 22:39:12,579 - INFO    - keyword:云南省
2021-05-08 22:39:12,580 - INFO    - keyword:昆明
2021-05-08 22:39:12,580 - INFO    - keyword:增幅
2021-05-08 22:39:12,581 - INFO    - keyword:人次
2021-05-08 22:39:12,582 - INFO    - keyword:景区
2021-05-08 22:39:12,582 - INFO    - keyword:线路
2021-05-08 22:39:12,590 - INFO    - keyword:欧中
2021-05-08 22:39:12,590 - INFO    - keyword:互利互惠
2021-05-08 22:39:12,591 - INFO    - keyword:投资
2021-05-08 22:39:12,591 - INFO    - keyword:中欧
2021-05-08 22:39:12,592 - INFO    - keyword:德国
2021-05-08 22:39:12,592 - INFO    - keyword:中国
2021-05-08 22:39:12,593 - INFO    - keyword:关系恶化
2021-05-08 22:39:12,593 - INFO    - keyword:视频会议
2021-05-08 22:39:12,608 - INFO    - keyword:中国
2021-05-08 22:39:12,609 - INFO    - keyword:消费
2021-05-08 22:39:12,610 - INFO    - keyword:疫情
2021-05-08 22:39:12,610 - INFO    - keyword:市场
2021-05-08 22:39:12,611 - INFO    - keyword:国际
2021-05-08 22:39:12,611 - INFO    - keyword:世界
2021-05-08 22:39:12,612 - INFO    - keyword:博会
2021-05-08 22:39:12,613 - INFO    - keyword:全国
2021-05-08 22:39:12,614 - INFO    - keyword:零售额
2021-05-08 22:39:12,617 - INFO    - keyword:消费市场
2021-05-08 22:39:12,633 - INFO    - keyword:生猪
2021-05-08 22:39:12,633 - INFO    - keyword:猪肉
2021-05-08 22:39:12,634 - INFO    - keyword:股份
2021-05-08 22:39:12,634 - INFO    - keyword:价格
2021-05-08 22:39:12,636 - INFO    - keyword:天邦
2021-05-08 22:39:12,636 - INFO    - keyword:业绩
2021-05-08 22:39:12,637 - INFO    - keyword:存栏
2021-05-08 22:39:12,637 - INFO    - keyword:农村
2021-05-08 22:39:12,638 - INFO    - keyword:猪价
2021-05-08 22:39:12,638 - INFO    - keyword:预测
2021-05-08 22:39:12,644 - INFO    - keyword:名单
2021-05-08 22:39:12,645 - INFO    - keyword:入境
2021-05-08 22:39:12,646 - INFO    - keyword:国家
2021-05-08 22:39:12,646 - INFO    - keyword:地区
2021-05-08 22:39:12,646 - INFO    - keyword:旅客
2021-05-08 22:39:12,646 - INFO    - keyword:旅行
2021-05-08 22:39:12,646 - INFO    - keyword:建议
2021-05-08 22:39:12,648 - INFO    - keyword:以色列
2021-05-08 22:39:12,648 - INFO    - keyword:边境
2021-05-08 22:39:12,648 - INFO    - keyword:澳门地区
2021-05-08 22:39:12,657 - INFO    - keyword:书记
2021-05-08 22:39:12,658 - INFO    - keyword:总台
2021-05-08 22:39:12,658 - INFO    - keyword:中央
2021-05-08 22:39:12,659 - INFO    - keyword:延安
2021-05-08 22:39:12,659 - INFO    - keyword:中学
2021-05-08 22:39:12,660 - INFO    - keyword:协会
2021-05-08 22:39:12,663 - INFO    - keyword:离休干部
2021-05-08 22:39:12,664 - INFO    - keyword:女职工
2021-05-08 22:39:12,665 - INFO    - keyword:新闻
2021-05-08 22:39:12,665 - INFO    - keyword:医治无效
2021-05-08 22:39:12,671 - INFO    - keyword:汽车
2021-05-08 22:39:12,672 - INFO    - keyword:挪威
2021-05-08 22:39:12,672 - INFO    - keyword:首站
2021-05-08 22:39:12,672 - INFO    - keyword:电动汽车
2021-05-08 22:39:12,673 - INFO    - keyword:欧洲
2021-05-08 22:39:12,673 - INFO    - keyword:销售
2021-05-08 22:39:12,673 - INFO    - keyword:本土
2021-05-08 22:39:12,674 - INFO    - keyword:总部
2021-05-08 22:39:12,675 - INFO    - keyword:竞争
2021-05-08 22:39:12,675 - INFO    - keyword:背式
2021-05-08 22:39:12,692 - INFO    - keyword:财季
2021-05-08 22:39:12,692 - INFO    - keyword:净亏损
2021-05-08 22:39:12,694 - INFO    - keyword:学员
2021-05-08 22:39:12,694 - INFO    - keyword:公司
2021-05-08 22:39:12,694 - INFO    - keyword:数字化
2021-05-08 22:39:12,695 - INFO    - keyword:学位
2021-05-08 22:39:12,695 - INFO    - keyword:技能
2021-05-08 22:39:12,696 - INFO    - keyword:疫情
2021-05-08 22:39:12,696 - INFO    - keyword:业务
2021-05-08 22:39:12,696 - INFO    - keyword:业绩
2021-05-08 22:39:12,700 - INFO    - keyword:坠楼
2021-05-08 22:39:12,700 - INFO    - keyword:天涯
2021-05-08 22:39:12,700 - INFO    - keyword:女子
2021-05-08 22:39:12,701 - INFO    - keyword:警方
2021-05-08 22:39:12,701 - INFO    - keyword:小区
2021-05-08 22:39:12,702 - INFO    - keyword:阳台
2021-05-08 22:39:12,702 - INFO    - keyword:三亚
2021-05-08 22:39:12,702 - INFO    - keyword:分局
2021-05-08 22:39:12,702 - INFO    - keyword:通报
2021-05-08 22:39:12,706 - INFO    - keyword:吊装
2021-05-08 22:39:12,707 - INFO    - keyword:工地
2021-05-08 22:39:12,710 - INFO    - keyword:工人
2021-05-08 22:39:12,710 - INFO    - keyword:建设
2021-05-08 22:39:12,711 - INFO    - keyword:街道
2021-05-08 22:39:12,711 - INFO    - keyword:挡土墙
2021-05-08 22:39:12,712 - INFO    - keyword:拆模
2021-05-08 22:39:12,712 - INFO    - keyword:石景山区
2021-05-08 22:39:12,713 - INFO    - keyword:北京
2021-05-08 22:39:12,720 - INFO    - keyword:芯片
2021-05-08 22:39:12,721 - INFO    - keyword:台积
2021-05-08 22:39:12,722 - INFO    - keyword:大陆
2021-05-08 22:39:12,722 - INFO    - keyword:加密
2021-05-08 22:39:12,723 - INFO    - keyword:挖矿
2021-05-08 22:39:12,723 - INFO    - keyword:算力
2021-05-08 22:39:12,723 - INFO    - keyword:订单
2021-05-08 22:39:12,724 - INFO    - keyword:产业链
2021-05-08 22:39:12,724 - INFO    - keyword:货币
2021-05-08 22:39:12,725 - INFO    - keyword:英文
2021-05-08 22:39:12,728 - INFO    - keyword:交警部门
2021-05-08 22:39:12,729 - INFO    - keyword:道路交通
2021-05-08 22:39:12,729 - INFO    - keyword:交通
2021-05-08 22:39:12,730 - INFO    - keyword:设备
2021-05-08 22:39:12,730 - INFO    - keyword:监控
2021-05-08 22:39:12,730 - INFO    - keyword:羊城晚报
2021-05-08 22:39:12,731 - INFO    - keyword:公安部
2021-05-08 22:39:12,731 - INFO    - keyword:广州市
2021-05-08 22:39:12,732 - INFO    - keyword:技术
2021-05-08 22:39:12,732 - INFO    - keyword:媒体
2021-05-08 22:39:12,741 - INFO    - keyword:加密
2021-05-08 22:39:12,741 - INFO    - keyword:资产
2021-05-08 22:39:12,742 - INFO    - keyword:货币
2021-05-08 22:39:12,742 - INFO    - keyword:公司
2021-05-08 22:39:12,743 - INFO    - keyword:成果
2021-05-08 22:39:12,743 - INFO    - keyword:数字
2021-05-08 22:39:12,744 - INFO    - keyword:喜人
2021-05-08 22:39:12,744 - INFO    - keyword:执行官
2021-05-08 22:39:12,744 - INFO    - keyword:收益
2021-05-08 22:39:12,745 - INFO    - keyword:预期
2021-05-08 22:39:12,759 - INFO    - keyword:杭州
2021-05-08 22:39:12,760 - INFO    - keyword:中介机构
2021-05-08 22:39:12,761 - INFO    - keyword:经纪
2021-05-08 22:39:12,761 - INFO    - keyword:有限公司
2021-05-08 22:39:12,762 - INFO    - keyword:惩戒
2021-05-08 22:39:12,762 - INFO    - keyword:德佑
2021-05-08 22:39:12,763 - INFO    - keyword:通报
2021-05-08 22:39:12,763 - INFO    - keyword:规范
2021-05-08 22:39:12,764 - INFO    - keyword:杭州市
2021-05-08 22:39:12,764 - INFO    - keyword:行业
2021-05-08 22:39:12,769 - INFO    - keyword:销量
2021-05-08 22:39:12,770 - INFO    - keyword:百威
2021-05-08 22:39:12,771 - INFO    - keyword:英博
2021-05-08 22:39:12,771 - INFO    - keyword:亏损
2021-05-08 22:39:12,772 - INFO    - keyword:啤酒
2021-05-08 22:39:12,772 - INFO    - keyword:营收
2021-05-08 22:39:12,773 - INFO    - keyword:利润
2021-05-08 22:39:12,773 - INFO    - keyword:财年
2021-05-08 22:39:12,774 - INFO    - keyword:毛利率
2021-05-08 22:39:12,780 - INFO    - keyword:桂林市
2021-05-08 22:39:12,781 - INFO    - keyword:管理局
2021-05-08 22:39:12,782 - INFO    - keyword:监督
2021-05-08 22:39:12,782 - INFO    - keyword:收费
2021-05-08 22:39:12,782 - INFO    - keyword:行政处罚
2021-05-08 22:39:12,783 - INFO    - keyword:医院
2021-05-08 22:39:12,783 - INFO    - keyword:医疗机构
2021-05-08 22:39:12,783 - INFO    - keyword:市场
2021-05-08 22:39:12,786 - INFO    - keyword:违法
2021-05-08 22:39:12,798 - INFO    - keyword:英国
2021-05-08 22:39:12,798 - INFO    - keyword:疫情
2021-05-08 22:39:12,799 - INFO    - keyword:利率
2021-05-08 22:39:12,799 - INFO    - keyword:经济
2021-05-08 22:39:12,800 - INFO    - keyword:预计
2021-05-08 22:39:12,801 - INFO    - keyword:预期
2021-05-08 22:39:12,802 - INFO    - keyword:分析师
2021-05-08 22:39:12,802 - INFO    - keyword:选项
2021-05-08 22:39:12,803 - INFO    - keyword:决议
2021-05-08 22:39:12,803 - INFO    - keyword:政策
2021-05-08 22:39:12,821 - INFO    - keyword:荷花
2021-05-08 22:39:12,821 - INFO    - keyword:污水
2021-05-08 22:39:12,822 - INFO    - keyword:铜陵市
2021-05-08 22:39:12,823 - INFO    - keyword:长江
2021-05-08 22:39:12,823 - INFO    - keyword:督察组
2021-05-08 22:39:12,823 - INFO    - keyword:水质
2021-05-08 22:39:12,824 - INFO    - keyword:政府
2021-05-08 22:39:12,824 - INFO    - keyword:工作
2021-05-08 22:39:12,825 - INFO    - keyword:应付
2021-05-08 22:39:12,826 - INFO    - keyword:河闸
2021-05-08 22:39:12,839 - INFO    - keyword:粮食
2021-05-08 22:39:12,840 - INFO    - keyword:草案
2021-05-08 22:39:12,840 - INFO    - keyword:审计法
2021-05-08 22:39:12,841 - INFO    - keyword:常务会议
2021-05-08 22:39:12,841 - INFO    - keyword:部署
2021-05-08 22:39:12,842 - INFO    - keyword:会议
2021-05-08 22:39:12,842 - INFO    - keyword:耕地
2021-05-08 22:39:12,843 - INFO    - keyword:农业
2021-05-08 22:39:12,843 - INFO    - keyword:生产
2021-05-08 22:39:12,844 - INFO    - keyword:供应
2021-05-08 22:39:12,852 - INFO    - keyword:科幻片
2021-05-08 22:39:12,853 - INFO    - keyword:机器人
2021-05-08 22:39:12,854 - INFO    - keyword:发行权
2021-05-08 22:39:12,854 - INFO    - keyword:主演
2021-05-08 22:39:12,855 - INFO    - keyword:苹果
2021-05-08 22:39:12,855 - INFO    - keyword:责编
2021-05-08 22:39:12,855 - INFO    - keyword:凯文
2021-05-08 22:39:12,856 - INFO    - keyword:银翼
2021-05-08 22:39:12,856 - INFO    - keyword:狗狗
2021-05-08 22:39:12,856 - INFO    - keyword:制片人
2021-05-08 22:39:12,871 - INFO    - keyword:制造商
2021-05-08 22:39:12,872 - INFO    - keyword:电动车
2021-05-08 22:39:12,873 - INFO    - keyword:汽车
2021-05-08 22:39:12,874 - INFO    - keyword:合营
2021-05-08 22:39:12,874 - INFO    - keyword:盈余
2021-05-08 22:39:12,875 - INFO    - keyword:客户
2021-05-08 22:39:12,875 - INFO    - keyword:欧洲
2021-05-08 22:39:12,875 - INFO    - keyword:业务
2021-05-08 22:39:12,876 - INFO    - keyword:能源
2021-05-08 22:39:12,876 - INFO    - keyword:插电式
2021-05-08 22:39:12,879 - INFO    - keyword:防务
2021-05-08 22:39:12,880 - INFO    - keyword:欧洲
2021-05-08 22:39:12,880 - INFO    - keyword:合作
2021-05-08 22:39:12,881 - INFO    - keyword:挪威
2021-05-08 22:39:12,881 - INFO    - keyword:加拿大
2021-05-08 22:39:12,882 - INFO    - keyword:结构性
2021-05-08 22:39:12,882 - INFO    - keyword:项目
2021-05-08 22:39:12,883 - INFO    - keyword:美国
2021-05-08 22:39:12,883 - INFO    - keyword:计划
2021-05-08 22:39:12,884 - INFO    - keyword:国防部长
2021-05-08 22:39:12,914 - INFO    - keyword:本场
2021-05-08 22:39:12,915 - INFO    - keyword:球队
2021-05-08 22:39:12,916 - INFO    - keyword:争冠
2021-05-08 22:39:12,916 - INFO    - keyword:主场
2021-05-08 22:39:12,917 - INFO    - keyword:联赛
2021-05-08 22:39:12,917 - INFO    - keyword:战绩
2021-05-08 22:39:12,918 - INFO    - keyword:战意
2021-05-08 22:39:12,918 - INFO    - keyword:赢球
2021-05-08 22:39:12,919 - INFO    - keyword:中场
2021-05-08 22:39:12,919 - INFO    - keyword:伤病
2021-05-08 22:39:12,926 - INFO    - keyword:空气质量
2021-05-08 22:39:12,927 - INFO    - keyword:本市
2021-05-08 22:39:12,927 - INFO    - keyword:污染
2021-05-08 22:39:12,927 - INFO    - keyword:浓度
2021-05-08 22:39:12,928 - INFO    - keyword:天气
2021-05-08 22:39:12,928 - INFO    - keyword:影响
2021-05-08 22:39:12,928 - INFO    - keyword:重度
2021-05-08 22:39:12,929 - INFO    - keyword:传输
2021-05-08 22:39:12,929 - INFO    - keyword:北京市
2021-05-08 22:39:12,946 - INFO    - keyword:广告牌
2021-05-08 22:39:12,946 - INFO    - keyword:国瑞
2021-05-08 22:39:12,947 - INFO    - keyword:购物中心
2021-05-08 22:39:12,948 - INFO    - keyword:管理方
2021-05-08 22:39:12,949 - INFO    - keyword:计划
2021-05-08 22:39:12,949 - INFO    - keyword:市民
2021-05-08 22:39:12,950 - INFO    - keyword:大风
2021-05-08 22:39:12,950 - INFO    - keyword:施工
2021-05-08 22:39:12,950 - INFO    - keyword:记者
2021-05-08 22:39:12,951 - INFO    - keyword:工作人员
2021-05-08 22:39:12,959 - INFO    - keyword:斧头
2021-05-08 22:39:12,960 - INFO    - keyword:主演
2021-05-08 22:39:12,960 - INFO    - keyword:教堂
2021-05-08 22:39:12,961 - INFO    - keyword:犯罪
2021-05-08 22:39:12,961 - INFO    - keyword:责编
2021-05-08 22:39:12,961 - INFO    - keyword:合唱团
2021-05-08 22:39:12,962 - INFO    - keyword:德克萨斯
2021-05-08 22:39:12,962 - INFO    - keyword:蒙哥马利
2021-05-08 22:39:12,963 - INFO    - keyword:德州
2021-05-08 22:39:12,963 - INFO    - keyword:共同点
2021-05-08 22:39:12,983 - INFO    - keyword:长沙
2021-05-08 22:39:12,983 - INFO    - keyword:公安处
2021-05-08 22:39:12,985 - INFO    - keyword:铁路
2021-05-08 22:39:12,985 - INFO    - keyword:火灾
2021-05-08 22:39:12,985 - INFO    - keyword:民警
2021-05-08 22:39:12,986 - INFO    - keyword:警方
2021-05-08 22:39:12,986 - INFO    - keyword:公私
2021-05-08 22:39:12,986 - INFO    - keyword:雨花区
2021-05-08 22:39:12,988 - INFO    - keyword:男子
2021-05-08 22:39:12,988 - INFO    - keyword:食品
2021-05-08 22:39:12,993 - INFO    - keyword:埃马
2021-05-08 22:39:12,993 - INFO    - keyword:挪用公款
2021-05-08 22:39:12,994 - INFO    - keyword:因涉嫌
2021-05-08 22:39:12,994 - INFO    - keyword:快讯
2021-05-08 22:39:12,994 - INFO    - keyword:财政
2021-05-08 22:39:12,995 - INFO    - keyword:大臣
2021-05-08 22:39:12,995 - INFO    - keyword:环球网
2021-05-08 22:39:12,996 - INFO    - keyword:公共部门
2021-05-08 22:39:12,996 - INFO    - keyword:消息
2021-05-08 22:39:13,002 - INFO    - keyword:指数
2021-05-08 22:39:13,002 - INFO    - keyword:中国
2021-05-08 22:39:13,002 - INFO    - keyword:研报
2021-05-08 22:39:13,004 - INFO    - keyword:比标
2021-05-08 22:39:13,004 - INFO    - keyword:A股
2021-05-08 22:39:13,005 - INFO    - keyword:预计
2021-05-08 22:39:13,005 - INFO    - keyword:加码
2021-05-08 22:39:13,005 - INFO    - keyword:离岸
2021-05-08 22:39:13,006 - INFO    - keyword:折价
2021-05-08 22:39:13,012 - INFO    - keyword:股票
2021-05-08 22:39:13,012 - INFO    - keyword:价值
2021-05-08 22:39:13,012 - INFO    - keyword:婚姻
2021-05-08 22:39:13,013 - INFO    - keyword:美国微软公司
2021-05-08 22:39:13,014 - INFO    - keyword:汽车
2021-05-08 22:39:13,014 - INFO    - keyword:养育
2021-05-08 22:39:13,015 - INFO    - keyword:福布斯
2021-05-08 22:39:13,015 - INFO    - keyword:伴侣
2021-05-08 22:39:13,015 - INFO    - keyword:信念
2021-05-08 22:39:13,016 - INFO    - keyword:全美
2021-05-08 22:39:13,039 - INFO    - keyword:篮网
2021-05-08 22:39:13,039 - INFO    - keyword:效率
2021-05-08 22:39:13,040 - INFO    - keyword:锋线
2021-05-08 22:39:13,040 - INFO    - keyword:端场
2021-05-08 22:39:13,040 - INFO    - keyword:波神
2021-05-08 22:39:13,040 - INFO    - keyword:带队
2021-05-08 22:39:13,041 - INFO    - keyword:球员
2021-05-08 22:39:13,041 - INFO    - keyword:强点
2021-05-08 22:39:13,042 - INFO    - keyword:替补席
2021-05-08 22:39:13,048 - INFO    - keyword:房贷利率
2021-05-08 22:39:13,048 - INFO    - keyword:深圳
2021-05-08 22:39:13,048 - INFO    - keyword:大行
2021-05-08 22:39:13,049 - INFO    - keyword:深圳市
2021-05-08 22:39:13,049 - INFO    - keyword:商品房
2021-05-08 22:39:13,051 - INFO    - keyword:调整
2021-05-08 22:39:13,052 - INFO    - keyword:调控
2021-05-08 22:39:13,053 - INFO    - keyword:楼市
2021-05-08 22:39:13,053 - INFO    - keyword:信号
2021-05-08 22:39:13,055 - INFO    - keyword:政府
2021-05-08 22:39:13,056 - INFO    - keyword:国际
2021-05-08 22:39:13,056 - INFO    - keyword:公司
2021-05-08 22:39:13,057 - INFO    - keyword:子公司
2021-05-08 22:39:13,057 - INFO    - keyword:年度
2021-05-08 22:39:13,057 - INFO    - keyword:净利润
2021-05-08 22:39:13,058 - INFO    - keyword:公告
2021-05-08 22:39:13,058 - INFO    - keyword:股东
2021-05-08 22:39:13,063 - INFO    - keyword:良医
2021-05-08 22:39:13,063 - INFO    - keyword:住院医生
2021-05-08 22:39:13,064 - INFO    - keyword:责编
2021-05-08 22:39:13,064 - INFO    - keyword:自闭症
2021-05-08 22:39:13,065 - INFO    - keyword:剧集
2021-05-08 22:39:13,066 - INFO    - keyword:担保人
2021-05-08 22:39:13,070 - INFO    - keyword:外科医生
2021-05-08 22:39:13,070 - INFO    - keyword:综合症
2021-05-08 22:39:13,070 - INFO    - keyword:恋情
2021-05-08 22:39:13,071 - INFO    - keyword:天赋
2021-05-08 22:39:13,084 - INFO    - keyword:宠物
2021-05-08 22:39:13,084 - INFO    - keyword:盲盒
2021-05-08 22:39:13,084 - INFO    - keyword:生命
2021-05-08 22:39:13,085 - INFO    - keyword:活体
2021-05-08 22:39:13,085 - INFO    - keyword:动物
2021-05-08 22:39:13,085 - INFO    - keyword:商家
2021-05-08 22:39:13,086 - INFO    - keyword:运输
2021-05-08 22:39:13,086 - INFO    - keyword:电商
2021-05-08 22:39:13,086 - INFO    - keyword:热议
2021-05-08 22:39:13,092 - INFO    - keyword:政客
2021-05-08 22:39:13,093 - INFO    - keyword:澳大利亚
2021-05-08 22:39:13,093 - INFO    - keyword:战争
2021-05-08 22:39:13,094 - INFO    - keyword:澳大利亚人
2021-05-08 22:39:13,094 - INFO    - keyword:民众
2021-05-08 22:39:13,095 - INFO    - keyword:中国
2021-05-08 22:39:13,095 - INFO    - keyword:美国
2021-05-08 22:39:13,096 - INFO    - keyword:论调
2021-05-08 22:39:13,096 - INFO    - keyword:文章
2021-05-08 22:39:13,096 - INFO    - keyword:错误
2021-05-08 22:39:13,115 - INFO    - keyword:泰国
2021-05-08 22:39:13,115 - INFO    - keyword:小鸟
2021-05-08 22:39:13,116 - INFO    - keyword:领先
2021-05-08 22:39:13,116 - INFO    - keyword:铁杆
2021-05-08 22:39:13,117 - INFO    - keyword:锦标赛
2021-05-08 22:39:13,118 - INFO    - keyword:精彩
2021-05-08 22:39:13,119 - INFO    - keyword:冠军
2021-05-08 22:39:13,119 - INFO    - keyword:职业
2021-05-08 22:39:13,119 - INFO    - keyword:巡回赛
2021-05-08 22:39:13,120 - INFO    - keyword:女子
2021-05-08 22:39:13,142 - INFO    - keyword:疫苗
2021-05-08 22:39:13,142 - INFO    - keyword:海淀
2021-05-08 22:39:13,143 - INFO    - keyword:新冠
2021-05-08 22:39:13,143 - INFO    - keyword:医护人员
2021-05-08 22:39:13,144 - INFO    - keyword:海淀区
2021-05-08 22:39:13,144 - INFO    - keyword:万剂
2021-05-08 22:39:13,145 - INFO    - keyword:苏家坨
2021-05-08 22:39:13,145 - INFO    - keyword:街道
2021-05-08 22:39:13,145 - INFO    - keyword:志愿者
2021-05-08 22:39:13,145 - INFO    - keyword:宣传
2021-05-08 22:39:13,155 - INFO    - keyword:芯片
2021-05-08 22:39:13,155 - INFO    - keyword:晶体管
2021-05-08 22:39:13,156 - INFO    - keyword:技术
2021-05-08 22:39:13,157 - INFO    - keyword:全球
2021-05-08 22:39:13,157 - INFO    - keyword:道题
2021-05-08 22:39:13,157 - INFO    - keyword:电子
2021-05-08 22:39:13,158 - INFO    - keyword:苹果公司
2021-05-08 22:39:13,158 - INFO    - keyword:计算速度
2021-05-08 22:39:13,163 - INFO    - keyword:三星电子
2021-05-08 22:39:13,163 - INFO    - keyword:纳米技术
2021-05-08 22:39:13,178 - INFO    - keyword:消费
2021-05-08 22:39:13,179 - INFO    - keyword:旅游
2021-05-08 22:39:13,179 - INFO    - keyword:疫情
2021-05-08 22:39:13,180 - INFO    - keyword:购物
2021-05-08 22:39:13,180 - INFO    - keyword:供给
2021-05-08 22:39:13,181 - INFO    - keyword:循环
2021-05-08 22:39:13,181 - INFO    - keyword:国内游
2021-05-08 22:39:13,182 - INFO    - keyword:出游
2021-05-08 22:39:13,182 - INFO    - keyword:升级
2021-05-08 22:39:13,183 - INFO    - keyword:热潮
2021-05-08 22:39:13,187 - INFO    - keyword:电锯
2021-05-08 22:39:13,188 - INFO    - keyword:伊齐
2021-05-08 22:39:13,188 - INFO    - keyword:基尔
2021-05-08 22:39:13,189 - INFO    - keyword:海报
2021-05-08 22:39:13,189 - INFO    - keyword:洛克
2021-05-08 22:39:13,190 - INFO    - keyword:恐怖片
2021-05-08 22:39:13,191 - INFO    - keyword:责编
2021-05-08 22:39:13,194 - INFO    - keyword:菜鸟
2021-05-08 22:39:13,194 - INFO    - keyword:谋杀案
2021-05-08 22:39:13,194 - INFO    - keyword:手铐
2021-05-08 22:39:13,198 - INFO    - keyword:音乐节
2021-05-08 22:39:13,198 - INFO    - keyword:票房
2021-05-08 22:39:13,199 - INFO    - keyword:用户
2021-05-08 22:39:13,199 - INFO    - keyword:热衷
2021-05-08 22:39:13,200 - INFO    - keyword:长假
2021-05-08 22:39:13,200 - INFO    - keyword:城观
2021-05-08 22:39:13,201 - INFO    - keyword:观演
2021-05-08 22:39:13,201 - INFO    - keyword:线下
2021-05-08 22:39:13,201 - INFO    - keyword:人次
2021-05-08 22:39:13,206 - INFO    - keyword:新冠
2021-05-08 22:39:13,206 - INFO    - keyword:世卫
2021-05-08 22:39:13,207 - INFO    - keyword:病例
2021-05-08 22:39:13,207 - INFO    - keyword:肺炎
2021-05-08 22:39:13,208 - INFO    - keyword:全球
2021-05-08 22:39:13,208 - INFO    - keyword:夏令时间
2021-05-08 22:39:13,208 - INFO    - keyword:总台
2021-05-08 22:39:13,209 - INFO    - keyword:统计数据
2021-05-08 22:39:13,212 - INFO    - keyword:新冠
2021-05-08 22:39:13,213 - INFO    - keyword:知识产权
2021-05-08 22:39:13,213 - INFO    - keyword:疫苗
2021-05-08 22:39:13,213 - INFO    - keyword:主席
2021-05-08 22:39:13,214 - INFO    - keyword:佛罗伦萨
2021-05-08 22:39:13,214 - INFO    - keyword:疫情
2021-05-08 22:39:13,215 - INFO    - keyword:学院
2021-05-08 22:39:13,215 - INFO    - keyword:意大利
2021-05-08 22:39:13,215 - INFO    - keyword:危机
2021-05-08 22:39:13,277 - INFO    - keyword:龙华
2021-05-08 22:39:13,278 - INFO    - keyword:战鹰
2021-05-08 22:39:13,278 - INFO    - keyword:深圳
2021-05-08 22:39:13,279 - INFO    - keyword:围甲
2021-05-08 22:39:13,279 - INFO    - keyword:直播间
2021-05-08 22:39:13,280 - INFO    - keyword:棋手
2021-05-08 22:39:13,281 - INFO    - keyword:世界冠军
2021-05-08 22:39:13,281 - INFO    - keyword:版画
2021-05-08 22:39:13,282 - INFO    - keyword:直播
2021-05-08 22:39:13,282 - INFO    - keyword:龙华区
2021-05-08 22:39:13,294 - INFO    - keyword:大风
2021-05-08 22:39:13,294 - INFO    - keyword:皮肤
2021-05-08 22:39:13,295 - INFO    - keyword:风沙
2021-05-08 22:39:13,296 - INFO    - keyword:天气
2021-05-08 22:39:13,296 - INFO    - keyword:异物
2021-05-08 22:39:13,297 - INFO    - keyword:风速
2021-05-08 22:39:13,297 - INFO    - keyword:北京
2021-05-08 22:39:13,298 - INFO    - keyword:延庆
2021-05-08 22:39:13,298 - INFO    - keyword:强风
2021-05-08 22:39:13,300 - INFO    - keyword:影响
2021-05-08 22:39:13,334 - INFO    - keyword:台积
2021-05-08 22:39:13,335 - INFO    - keyword:芯片
2021-05-08 22:39:13,335 - INFO    - keyword:亚利桑那州
2021-05-08 22:39:13,336 - INFO    - keyword:路透社
2021-05-08 22:39:13,337 - INFO    - keyword:建厂
2021-05-08 22:39:13,337 - INFO    - keyword:计划
2021-05-08 22:39:13,338 - INFO    - keyword:美国
2021-05-08 22:39:13,338 - INFO    - keyword:公司
2021-05-08 22:39:13,338 - INFO    - keyword:知情
2021-05-08 22:39:13,339 - INFO    - keyword:工厂
2021-05-08 22:39:13,350 - INFO    - keyword:苏宁
2021-05-08 22:39:13,350 - INFO    - keyword:零售
2021-05-08 22:39:13,351 - INFO    - keyword:国资
2021-05-08 22:39:13,351 - INFO    - keyword:业务
2021-05-08 22:39:13,352 - INFO    - keyword:基金
2021-05-08 22:39:13,352 - INFO    - keyword:发展
2021-05-08 22:39:13,353 - INFO    - keyword:物流
2021-05-08 22:39:13,353 - INFO    - keyword:南京市
2021-05-08 22:39:13,354 - INFO    - keyword:商贸
2021-05-08 22:39:13,354 - INFO    - keyword:投资
2021-05-08 22:39:13,359 - INFO    - keyword:启动
2021-05-08 22:39:13,359 - INFO    - keyword:日本
2021-05-08 22:39:13,360 - INFO    - keyword:兵库县
2021-05-08 22:39:13,360 - INFO    - keyword:新冠
2021-05-08 22:39:13,361 - INFO    - keyword:东京都
2021-05-08 22:39:13,362 - INFO    - keyword:福冈
2021-05-08 22:39:13,362 - INFO    - keyword:计划
2021-05-08 22:39:13,362 - INFO    - keyword:肺炎
2021-05-08 22:39:13,363 - INFO    - keyword:疫情
2021-05-08 22:39:13,380 - INFO    - keyword:法拉利
2021-05-08 22:39:13,381 - INFO    - keyword:赛车
2021-05-08 22:39:13,382 - INFO    - keyword:建议
2021-05-08 22:39:13,382 - INFO    - keyword:天赋
2021-05-08 22:39:13,383 - INFO    - keyword:加盟
2021-05-08 22:39:13,383 - INFO    - keyword:西班牙
2021-05-08 22:39:13,384 - INFO    - keyword:时间
2021-05-08 22:39:13,384 - INFO    - keyword:媒体
2021-05-08 22:39:13,385 - INFO    - keyword:红牛
2021-05-08 22:39:13,385 - INFO    - keyword:车手
2021-05-08 22:39:13,392 - INFO    - keyword:新冠
2021-05-08 22:39:13,393 - INFO    - keyword:知识产权
2021-05-08 22:39:13,393 - INFO    - keyword:疫苗
2021-05-08 22:39:13,393 - INFO    - keyword:主席
2021-05-08 22:39:13,394 - INFO    - keyword:客户端
2021-05-08 22:39:13,394 - INFO    - keyword:总台
2021-05-08 22:39:13,394 - INFO    - keyword:佛罗伦萨
2021-05-08 22:39:13,395 - INFO    - keyword:疫情
2021-05-08 22:39:13,403 - INFO    - keyword:党政
2021-05-08 22:39:13,404 - INFO    - keyword:县区
2021-05-08 22:39:13,404 - INFO    - keyword:山体
2021-05-08 22:39:13,405 - INFO    - keyword:情形
2021-05-08 22:39:13,405 - INFO    - keyword:领导
2021-05-08 22:39:13,406 - INFO    - keyword:山西
2021-05-08 22:39:13,406 - INFO    - keyword:属地
2021-05-08 22:39:13,406 - INFO    - keyword:生态
2021-05-08 22:39:13,407 - INFO    - keyword:违法
2021-05-08 22:39:13,407 - INFO    - keyword:关键
2021-05-08 22:39:13,413 - INFO    - keyword:电动汽车
2021-05-08 22:39:13,413 - INFO    - keyword:销售一空
2021-05-08 22:39:13,414 - INFO    - keyword:本季度
2021-05-08 22:39:13,414 - INFO    - keyword:生产
2021-05-08 22:39:13,415 - INFO    - keyword:市场需求
2021-05-08 22:39:13,415 - INFO    - keyword:人士
2021-05-08 22:39:13,416 - INFO    - keyword:知情
2021-05-08 22:39:13,416 - INFO    - keyword:车型
2021-05-08 22:39:13,416 - INFO    - keyword:产量
2021-05-08 22:39:13,417 - INFO    - keyword:消费者
2021-05-08 22:39:13,423 - INFO    - keyword:歌曲
2021-05-08 22:39:13,423 - INFO    - keyword:特别节目
2021-05-08 22:39:13,423 - INFO    - keyword:京剧
2021-05-08 22:39:13,424 - INFO    - keyword:青春
2021-05-08 22:39:13,425 - INFO    - keyword:元素
2021-05-08 22:39:13,425 - INFO    - keyword:责编
2021-05-08 22:39:13,425 - INFO    - keyword:改编自
2021-05-08 22:39:13,426 - INFO    - keyword:编曲
2021-05-08 22:39:13,426 - INFO    - keyword:戏腔
2021-05-08 22:39:13,427 - INFO    - keyword:国潮
2021-05-08 22:39:13,454 - INFO    - keyword:航母
2021-05-08 22:39:13,454 - INFO    - keyword:编队
2021-05-08 22:39:13,455 - INFO    - keyword:英国
2021-05-08 22:39:13,456 - INFO    - keyword:能力
2021-05-08 22:39:13,457 - INFO    - keyword:轶亮
2021-05-08 22:39:13,457 - INFO    - keyword:女王
2021-05-08 22:39:13,457 - INFO    - keyword:驱逐舰
2021-05-08 22:39:13,458 - INFO    - keyword:全球
2021-05-08 22:39:13,458 - INFO    - keyword:观察员
2021-05-08 22:39:13,458 - INFO    - keyword:军事
2021-05-08 22:39:13,460 - INFO    - 关键词获取完毕，数据写入路径 Recommend/data/keywords
