2021-04-12 16:25:32,007 - INFO    - keyword:资金
2021-04-12 16:25:32,008 - INFO    - keyword:净流入
2021-04-12 16:25:32,008 - INFO    - keyword:主力
2021-04-12 16:25:32,009 - INFO    - keyword:个股
2021-04-12 16:25:32,009 - INFO    - keyword:京东方
2021-04-12 16:25:32,010 - INFO    - keyword:尾盘
2021-04-12 16:25:32,010 - INFO    - keyword:行业
2021-04-12 16:25:32,010 - INFO    - keyword:居首
2021-04-12 16:25:32,011 - INFO    - keyword:面板
2021-04-12 16:25:32,011 - INFO    - keyword:龙头
2021-04-12 16:25:32,035 - INFO    - keyword:中炬高新
2021-04-12 16:25:32,036 - INFO    - keyword:财报
2021-04-12 16:25:32,036 - INFO    - keyword:味业
2021-04-12 16:25:32,036 - INFO    - keyword:鸡粉
2021-04-12 16:25:32,037 - INFO    - keyword:鸡精
2021-04-12 16:25:32,043 - INFO    - keyword:海天
2021-04-12 16:25:32,043 - INFO    - keyword:酱油
2021-04-12 16:25:32,044 - INFO    - keyword:市值
2021-04-12 16:25:32,044 - INFO    - keyword:调味
2021-04-12 16:25:32,045 - INFO    - keyword:净利润
2021-04-12 16:25:32,065 - INFO    - keyword:财报
2021-04-12 16:25:32,066 - INFO    - keyword:股份
2021-04-12 16:25:32,066 - INFO    - keyword:华安
2021-04-12 16:25:32,067 - INFO    - keyword:专家
2021-04-12 16:25:32,067 - INFO    - keyword:白马
2021-04-12 16:25:32,067 - INFO    - keyword:产业链
2021-04-12 16:25:32,068 - INFO    - keyword:证券
2021-04-12 16:25:32,068 - INFO    - keyword:亏损
2021-04-12 16:25:32,068 - INFO    - keyword:电话会
2021-04-12 16:25:32,069 - INFO    - keyword:净利润
2021-04-12 16:25:32,076 - INFO    - keyword:万华
2021-04-12 16:25:32,077 - INFO    - keyword:研报
2021-04-12 16:25:32,077 - INFO    - keyword:机构
2021-04-12 16:25:32,077 - INFO    - keyword:硬核
2021-04-12 16:25:32,078 - INFO    - keyword:董理
2021-04-12 16:25:32,078 - INFO    - keyword:化学
2021-04-12 16:25:32,078 - INFO    - keyword:净利润
2021-04-12 16:25:32,078 - INFO    - keyword:车动见
2021-04-12 16:25:32,079 - INFO    - keyword:附股
2021-04-12 16:25:32,079 - INFO    - keyword:投研
2021-04-12 16:25:32,089 - INFO    - keyword:主力
2021-04-12 16:25:32,090 - INFO    - keyword:法甲
2021-04-12 16:25:32,090 - INFO    - keyword:德甲
2021-04-12 16:25:32,090 - INFO    - keyword:意甲
2021-04-12 16:25:32,090 - INFO    - keyword:足彩
2021-04-12 16:25:32,091 - INFO    - keyword:西甲
2021-04-12 16:25:32,092 - INFO    - keyword:伤病
2021-04-12 16:25:32,092 - INFO    - keyword:后卫
2021-04-12 16:25:32,092 - INFO    - keyword:门神
2021-04-12 16:25:32,093 - INFO    - keyword:赛场
2021-04-12 16:25:32,106 - INFO    - keyword:曼萨
2021-04-12 16:25:32,107 - INFO    - keyword:巴萨
2021-04-12 16:25:32,107 - INFO    - keyword:裁判
2021-04-12 16:25:32,108 - INFO    - keyword:比赛
2021-04-12 16:25:32,108 - INFO    - keyword:梅西
2021-04-12 16:25:32,108 - INFO    - keyword:皇马
2021-04-12 16:25:32,109 - INFO    - keyword:西班牙
2021-04-12 16:25:32,109 - INFO    - keyword:国家
2021-04-12 16:25:32,110 - INFO    - keyword:主裁判
2021-04-12 16:25:32,110 - INFO    - keyword:输球
2021-04-12 16:25:32,131 - INFO    - keyword:小米
2021-04-12 16:25:32,131 - INFO    - keyword:首款
2021-04-12 16:25:32,132 - INFO    - keyword:礼盒
2021-04-12 16:25:32,132 - INFO    - keyword:手机
2021-04-12 16:25:32,132 - INFO    - keyword:镜头
2021-04-12 16:25:32,133 - INFO    - keyword:众测
2021-04-12 16:25:32,133 - INFO    - keyword:酒店
2021-04-12 16:25:32,134 - INFO    - keyword:官方
2021-04-12 16:25:32,134 - INFO    - keyword:数码
2021-04-12 16:25:32,134 - INFO    - keyword:新闻
2021-04-12 16:25:32,136 - INFO    - 关键词获取完毕，数据写入路径 Recommend/data/keywords
